<?xml version="1.0" encoding="UTF-8"?>
<testsuite name="CredentialCustomFieldOwnershipTest[desktop]" tests="2" skipped="0" failures="0" errors="0" timestamp="2026-09-15T19:02:48.261Z" hostname="runnervmlun5p" time="0.004">
  <properties/>
  <testcase name="equalUpdateRetainsTheLiveOwnerInCleanAndDirtyStates[desktop]" classname="com.passvault.feature.credential.presentation.CredentialCustomFieldOwnershipTest" time="0.004"/>
  <testcase name="changedUpdateTransfersNewOwnerAndClearsTheOldValue[desktop]" classname="com.passvault.feature.credential.presentation.CredentialCustomFieldOwnershipTest" time="0.0"/>
  <system-out><![CDATA[]]></system-out>
  <system-err><![CDATA[]]></system-err>
</testsuite>
