<?xml version="1.0" encoding="UTF-8"?>
<testsuite name="com.passvault.core.database.backup.BackupPaginationTest" tests="13" skipped="0" failures="0" errors="0" timestamp="2026-09-16T15:28:09.185Z" hostname="runnervmlun5p" time="0.125">
  <properties/>
  <testcase name="single keys advance within pages and across pages in native order" classname="com.passvault.core.database.backup.BackupPaginationTest" time="0.077"/>
  <testcase name="tuple primary advance permits secondary reset and equal primary uses native secondary order" classname="com.passvault.core.database.backup.BackupPaginationTest" time="0.004"/>
  <testcase name="comparison follows unsigned encoding bytes rather than platform String order" classname="com.passvault.core.database.backup.BackupPaginationTest" time="0.001"/>
  <testcase name="empty and oversized pages do not invoke a consumer" classname="com.passvault.core.database.backup.BackupPaginationTest" time="0.003"/>
  <testcase name="tuple duplicate primary regression and secondary regression are independently rejected" classname="com.passvault.core.database.backup.BackupPaginationTest" time="0.004"/>
  <testcase name="invalid row keys are rejected while the existing maximum Unicode key remains accepted" classname="com.passvault.core.database.backup.BackupPaginationTest" time="0.007"/>
  <testcase name="tuple validates both keys even when the primary alone would advance" classname="com.passvault.core.database.backup.BackupPaginationTest" time="0.003"/>
  <testcase name="consumer exceptions propagate through both pagers without another fetch" classname="com.passvault.core.database.backup.BackupPaginationTest" time="0.004"/>
  <testcase name="encoding selection accepts explicit SQLite values without a guessed default" classname="com.passvault.core.database.backup.BackupPaginationTest" time="0.0"/>
  <testcase name="job cancellation during a consumer stops both pagers" classname="com.passvault.core.database.backup.BackupPaginationTest" time="0.011"/>
  <testcase name="single key repeat and backward progress fail before the offending consumer" classname="com.passvault.core.database.backup.BackupPaginationTest" time="0.003"/>
  <testcase name="ordinary ASCII and exact equality retain BINARY semantics on all encodings" classname="com.passvault.core.database.backup.BackupPaginationTest" time="0.001"/>
  <testcase name="tuple empty oversized and invalid limit paths retain their guards" classname="com.passvault.core.database.backup.BackupPaginationTest" time="0.006"/>
  <system-out><![CDATA[]]></system-out>
  <system-err><![CDATA[]]></system-err>
</testsuite>
