<?xml version="1.0" encoding="UTF-8"?>
<testsuite name="BackupOutputOwnershipTest[desktop]" tests="2" skipped="0" failures="0" errors="0" timestamp="2026-09-15T08:32:28.953Z" hostname="runnervmlun5p" time="0.127">
  <properties/>
  <testcase name="successful commit still releases caller ownership with abort[desktop]" classname="com.passvault.feature.backup.presentation.BackupOutputOwnershipTest" time="0.12"/>
  <testcase name="cancellation before service ownership aborts the created sink[desktop]" classname="com.passvault.feature.backup.presentation.BackupOutputOwnershipTest" time="0.005"/>
  <system-out><![CDATA[]]></system-out>
  <system-err><![CDATA[]]></system-err>
</testsuite>
