<?xml version="1.0" encoding="UTF-8"?>
<testsuite name="com.passvault.feature.vault.ui.TwoFactorCodesScreenTest" tests="1" skipped="0" failures="0" errors="0" timestamp="2026-09-16T01:24:07.517Z" hostname="runnervmlun5p" time="0.009">
  <properties/>
  <testcase name="verification codes are grouped without changing digits" classname="com.passvault.feature.vault.ui.TwoFactorCodesScreenTest" time="0.009"/>
  <system-out><![CDATA[]]></system-out>
  <system-err><![CDATA[]]></system-err>
</testsuite>
