<?xml version="1.0" encoding="UTF-8"?>
<testsuite name="com.passvault.core.navigation.AppCommandDispatcherTest" tests="2" skipped="0" failures="0" errors="0" timestamp="2026-09-15T16:47:48.324Z" hostname="runnervmlun5p" time="0.147">
  <properties/>
  <testcase name="high-volume input remains bounded and does not block its producer" classname="com.passvault.core.navigation.AppCommandDispatcherTest" time="0.142"/>
  <testcase name="commands emitted before a host subscribes are never replayed" classname="com.passvault.core.navigation.AppCommandDispatcherTest" time="0.003"/>
  <system-out><![CDATA[]]></system-out>
  <system-err><![CDATA[]]></system-err>
</testsuite>
