<?xml version="1.0" encoding="UTF-8"?>
<testsuite name="com.passvault.feature.vault.presentation.TwoFactorCodesViewModelTest" tests="6" skipped="0" failures="0" errors="0" timestamp="2026-09-16T15:28:50.871Z" hostname="runnervmlun5p" time="0.275">
  <properties/>
  <testcase name="hiding screen cancels ticker clears rows and wipes repository seed copy" classname="com.passvault.feature.vault.presentation.TwoFactorCodesViewModelTest" time="0.15"/>
  <testcase name="refresh wipes a superseded leased batch and retains only the replacement" classname="com.passvault.feature.vault.presentation.TwoFactorCodesViewModelTest" time="0.009"/>
  <testcase name="copy emits current code once and reports result" classname="com.passvault.feature.vault.presentation.TwoFactorCodesViewModelTest" time="0.062"/>
  <testcase name="lock after production but before handoff wipes the leased seed" classname="com.passvault.feature.vault.presentation.TwoFactorCodesViewModelTest" time="0.004"/>
  <testcase name="visible screen lists only credentials with authenticators and updates at period boundary" classname="com.passvault.feature.vault.presentation.TwoFactorCodesViewModelTest" time="0.007"/>
  <testcase name="repository failure exposes retry state without stale rows" classname="com.passvault.feature.vault.presentation.TwoFactorCodesViewModelTest" time="0.036"/>
  <system-out><![CDATA[]]></system-out>
  <system-err><![CDATA[]]></system-err>
</testsuite>
