<?xml version="1.0" encoding="UTF-8"?>
<testsuite name="com.passvault.core.domain.model.NumericPasswordSequenceTest" tests="4" skipped="0" failures="0" errors="0" timestamp="2026-09-16T01:23:31.692Z" hostname="runnervmlun5p" time="0.024">
  <properties/>
  <testcase name="every four-digit table window is detected in both directions" classname="com.passvault.core.domain.model.NumericPasswordSequenceTest" time="0.018"/>
  <testcase name="ascending and descending numeric master passwords receive the sequence penalty" classname="com.passvault.core.domain.model.NumericPasswordSequenceTest" time="0.003"/>
  <testcase name="leetspeak and alphabetic penalties remain independent of numeric detection" classname="com.passvault.core.domain.model.NumericPasswordSequenceTest" time="0.001"/>
  <testcase name="numeric input is not rejected just for containing digits" classname="com.passvault.core.domain.model.NumericPasswordSequenceTest" time="0.001"/>
  <system-out><![CDATA[]]></system-out>
  <system-err><![CDATA[]]></system-err>
</testsuite>
