<?xml version="1.0" encoding="UTF-8"?>
<testsuite name="com.passvault.feature.credential.presentation.CredentialCustomFieldOwnershipTest" tests="2" skipped="0" failures="0" errors="0" timestamp="2026-09-15T07:57:47.016Z" hostname="runnervmlun5p" time="0.004">
  <properties/>
  <testcase name="equalUpdateRetainsTheLiveOwnerInCleanAndDirtyStates" classname="com.passvault.feature.credential.presentation.CredentialCustomFieldOwnershipTest" time="0.003"/>
  <testcase name="changedUpdateTransfersNewOwnerAndClearsTheOldValue" classname="com.passvault.feature.credential.presentation.CredentialCustomFieldOwnershipTest" time="0.001"/>
  <system-out><![CDATA[]]></system-out>
  <system-err><![CDATA[]]></system-err>
</testsuite>
