<?xml version="1.0" encoding="UTF-8"?>
<testsuite name="com.passvault.shared.di.EntrySensitiveStateRegistrationTest" tests="2" skipped="0" failures="0" errors="0" timestamp="2026-09-16T01:21:48.122Z" hostname="runnervmlun5p" time="0.121">
  <properties/>
  <testcase name="view model store teardown unregisters entry lock cleanup" classname="com.passvault.shared.di.EntrySensitiveStateRegistrationTest" time="0.037"/>
  <testcase name="two factor factory registers synchronous seed cleanup" classname="com.passvault.shared.di.EntrySensitiveStateRegistrationTest" time="0.084"/>
  <system-out><![CDATA[]]></system-out>
  <system-err><![CDATA[]]></system-err>
</testsuite>
