<?xml version="1.0" encoding="UTF-8"?>
<testsuite name="com.passvault.shared.platform.IosNavigationTransitionPolicyTest" tests="4" skipped="0" failures="0" errors="0" timestamp="2026-09-16T01:21:48.495Z" hostname="runnervmlun5p" time="0.003">
  <properties/>
  <testcase name="remaining settlement is bounded by the 200 millisecond transition" classname="com.passvault.shared.platform.IosNavigationTransitionPolicyTest" time="0.0"/>
  <testcase name="iOS navigation uses the verified Kira-like base duration" classname="com.passvault.shared.platform.IosNavigationTransitionPolicyTest" time="0.003"/>
  <testcase name="interactive iOS Back follows the physical gesture edge" classname="com.passvault.shared.platform.IosNavigationTransitionPolicyTest" time="0.0"/>
  <testcase name="regular iOS navigation mirrors push and Back in RTL" classname="com.passvault.shared.platform.IosNavigationTransitionPolicyTest" time="0.0"/>
  <system-out><![CDATA[]]></system-out>
  <system-err><![CDATA[]]></system-err>
</testsuite>
