<?xml version="1.0" encoding="UTF-8"?>
<testsuite name="com.passvault.feature.credential.presentation.CredentialUrlLaunchTest" tests="2" skipped="0" failures="0" errors="0" timestamp="2026-09-16T15:28:34.583Z" hostname="runnervmlun5p" time="0.07">
  <properties/>
  <testcase name="launch emits only accepted web url values" classname="com.passvault.feature.credential.presentation.CredentialUrlLaunchTest" time="0.063"/>
  <testcase name="launch rejects non web and ambiguous values without emitting effects" classname="com.passvault.feature.credential.presentation.CredentialUrlLaunchTest" time="0.006"/>
  <system-out><![CDATA[]]></system-out>
  <system-err><![CDATA[]]></system-err>
</testsuite>
