<?xml version="1.0" encoding="UTF-8"?>
<testsuite name="com.passvault.feature.credential.presentation.CredentialAttachmentControllerTest" tests="6" skipped="0" failures="0" errors="0" timestamp="2026-09-16T15:28:34.381Z" hostname="runnervmlun5p" time="0.184">
  <properties/>
  <testcase name="authenticated content failure uses the safe corruption message and repository owns abort" classname="com.passvault.feature.credential.presentation.CredentialAttachmentControllerTest" time="0.159"/>
  <testcase name="corrupted filename can be renamed or deleted but cannot create plaintext output" classname="com.passvault.feature.credential.presentation.CredentialAttachmentControllerTest" time="0.006"/>
  <testcase name="import selection cancellation is silent and always clears busy state" classname="com.passvault.feature.credential.presentation.CredentialAttachmentControllerTest" time="0.003"/>
  <testcase name="controller cancellation cancels an active picker without mutating attachment state" classname="com.passvault.feature.credential.presentation.CredentialAttachmentControllerTest" time="0.006"/>
  <testcase name="import rename and delete update only the loaded credential attachment state" classname="com.passvault.feature.credential.presentation.CredentialAttachmentControllerTest" time="0.003"/>
  <testcase name="platform presentation starts only after authenticated copy commits" classname="com.passvault.feature.credential.presentation.CredentialAttachmentControllerTest" time="0.004"/>
  <system-out><![CDATA[]]></system-out>
  <system-err><![CDATA[]]></system-err>
</testsuite>
