<?xml version="1.0" encoding="UTF-8"?>
<testsuite name="HealthViewModelSensitiveCleanupTest[desktop]" tests="7" skipped="0" failures="0" errors="0" timestamp="2026-09-15T16:48:08.610Z" hostname="runnervmlun5p" time="0.23">
  <properties/>
  <testcase name="dismissing a copy result preserves a scan persistence error[desktop]" classname="com.passvault.feature.health.presentation.HealthViewModelSensitiveCleanupTest" time="0.183"/>
  <testcase name="cancellation after repository success still clears the returned health inputs[desktop]" classname="com.passvault.feature.health.presentation.HealthViewModelSensitiveCleanupTest" time="0.005"/>
  <testcase name="navigation effects are not replayed to a later collector[desktop]" classname="com.passvault.feature.health.presentation.HealthViewModelSensitiveCleanupTest" time="0.011"/>
  <testcase name="weakness reasons count supplementary characters as single characters[desktop]" classname="com.passvault.feature.health.presentation.HealthViewModelSensitiveCleanupTest" time="0.003"/>
  <testcase name="back closes duplicate dialog before navigating[desktop]" classname="com.passvault.feature.health.presentation.HealthViewModelSensitiveCleanupTest" time="0.012"/>
  <testcase name="health inputs are cleared before persistence suspends and remain clear after cancellation[desktop]" classname="com.passvault.feature.health.presentation.HealthViewModelSensitiveCleanupTest" time="0.004"/>
  <testcase name="completed health scan clears every secret in its minimal repository input[desktop]" classname="com.passvault.feature.health.presentation.HealthViewModelSensitiveCleanupTest" time="0.009"/>
  <system-out><![CDATA[]]></system-out>
  <system-err><![CDATA[]]></system-err>
</testsuite>
