<?xml version="1.0" encoding="UTF-8"?>
<testsuite name="CredentialDaoTransactionTest[desktop]" tests="7" skipped="0" failures="0" errors="0" timestamp="2026-09-15T09:29:29.342Z" hostname="runnervmlun5p" time="0.102">
  <properties/>
  <testcase name="full save transaction retains only ten newest history rows[desktop]" classname="com.passvault.core.database.CredentialDaoTransactionTest" time="0.039"/>
  <testcase name="full save transaction updates history count and format[desktop]" classname="com.passvault.core.database.CredentialDaoTransactionTest" time="0.007"/>
  <testcase name="tag replacement removes stale references[desktop]" classname="com.passvault.core.database.CredentialDaoTransactionTest" time="0.009"/>
  <testcase name="folder update keeps canonical column and cross reference aligned[desktop]" classname="com.passvault.core.database.CredentialDaoTransactionTest" time="0.009"/>
  <testcase name="history retention is deterministic when timestamps are equal[desktop]" classname="com.passvault.core.database.CredentialDaoTransactionTest" time="0.02"/>
  <testcase name="delete transaction cascades relations and refreshes count[desktop]" classname="com.passvault.core.database.CredentialDaoTransactionTest" time="0.009"/>
  <testcase name="health query returns only login records[desktop]" classname="com.passvault.core.database.CredentialDaoTransactionTest" time="0.009"/>
  <system-out><![CDATA[]]></system-out>
  <system-err><![CDATA[]]></system-err>
</testsuite>
