<?xml version="1.0" encoding="UTF-8"?>
<testsuite name="com.passvault.feature.onboarding.presentation.OnboardingViewModelTest" tests="9" skipped="0" failures="0" errors="0" timestamp="2026-09-15T16:48:12.486Z" hostname="runnervmlun5p" time="0.247">
  <properties/>
  <testcase name="predictable policy-length password is rejected before vault creation" classname="com.passvault.feature.onboarding.presentation.OnboardingViewModelTest" time="0.183"/>
  <testcase name="supplementary characters count as one password character" classname="com.passvault.feature.onboarding.presentation.OnboardingViewModelTest" time="0.002"/>
  <testcase name="valid password advances once and navigation is not replayed" classname="com.passvault.feature.onboarding.presentation.OnboardingViewModelTest" time="0.027"/>
  <testcase name="matching strong password creates unlocks and clears inputs" classname="com.passvault.feature.onboarding.presentation.OnboardingViewModelTest" time="0.017"/>
  <testcase name="clear for lock cancels setup and removes password state" classname="com.passvault.feature.onboarding.presentation.OnboardingViewModelTest" time="0.003"/>
  <testcase name="preexisting vault is never replaced by onboarding" classname="com.passvault.feature.onboarding.presentation.OnboardingViewModelTest" time="0.003"/>
  <testcase name="malformed password text is rejected before vault creation" classname="com.passvault.feature.onboarding.presentation.OnboardingViewModelTest" time="0.002"/>
  <testcase name="master password and confirmation are bounded" classname="com.passvault.feature.onboarding.presentation.OnboardingViewModelTest" time="0.005"/>
  <testcase name="back clears stale password validation feedback" classname="com.passvault.feature.onboarding.presentation.OnboardingViewModelTest" time="0.002"/>
  <system-out><![CDATA[]]></system-out>
  <system-err><![CDATA[]]></system-err>
</testsuite>
