<?xml version="1.0" encoding="UTF-8"?>
<testsuite name="com.passvault.core.domain.repository.AttachmentPolicyTest" tests="3" skipped="0" failures="0" errors="0" timestamp="2026-09-15T16:47:44.007Z" hostname="runnervmlun5p" time="0.007">
  <properties/>
  <testcase name="portable names retain Unicode support and use one Windows collision key" classname="com.passvault.core.domain.repository.AttachmentPolicyTest" time="0.003"/>
  <testcase name="new attachment names reject Windows device aliases and namespace characters" classname="com.passvault.core.domain.repository.AttachmentPolicyTest" time="0.003"/>
  <testcase name="historical Windows-invalid name remains readable but cannot become a new output name" classname="com.passvault.core.domain.repository.AttachmentPolicyTest" time="0.001"/>
  <system-out><![CDATA[]]></system-out>
  <system-err><![CDATA[]]></system-err>
</testsuite>
