<?xml version="1.0" encoding="UTF-8"?>
<testsuite name="com.passvault.core.domain.repository.CredentialTotpInputLeaseTest" tests="2" skipped="0" failures="0" errors="0" timestamp="2026-09-15T16:47:44.016Z" hostname="runnervmlun5p" time="0.011">
  <properties/>
  <testcase name="atomic take transfers ownership exactly once" classname="com.passvault.core.domain.repository.CredentialTotpInputLeaseTest" time="0.011"/>
  <testcase name="owner completion before transfer wipes inputs" classname="com.passvault.core.domain.repository.CredentialTotpInputLeaseTest" time="0.0"/>
  <system-out><![CDATA[]]></system-out>
  <system-err><![CDATA[]]></system-err>
</testsuite>
