<?xml version="1.0" encoding="UTF-8"?>
<testsuite name="Argon2Test[desktop]" tests="8" skipped="0" failures="0" errors="0" timestamp="2026-09-15T19:00:47.088Z" hostname="runnervmlun5p" time="0.485">
  <properties/>
  <testcase name="derived key uses content equality and clears owned arrays[desktop]" classname="com.passvault.core.crypto.Argon2Test" time="0.022"/>
  <testcase name="production Argon2 preserves the historical lowercase hex input[desktop]" classname="com.passvault.core.crypto.Argon2Test" time="0.206"/>
  <testcase name="production Argon2 matches the established text password vector[desktop]" classname="com.passvault.core.crypto.Argon2Test" time="0.038"/>
  <testcase name="production profiles match independent Argon2id reference vectors[desktop]" classname="com.passvault.core.crypto.Argon2Test" time="0.211"/>
  <testcase name="lowercase hexadecimal KDF input is byte exact and always cleared[desktop]" classname="com.passvault.core.crypto.Argon2Test" time="0.001"/>
  <testcase name="encrypted data uses content equality and clears every component[desktop]" classname="com.passvault.core.crypto.Argon2Test" time="0.001"/>
  <testcase name="built-in profiles meet the supported minimum and increase monotonically[desktop]" classname="com.passvault.core.crypto.Argon2Test" time="0.0"/>
  <testcase name="wrapped key compares byte-array contents[desktop]" classname="com.passvault.core.crypto.Argon2Test" time="0.0"/>
  <system-out><![CDATA[]]></system-out>
  <system-err><![CDATA[SLF4J: No SLF4J providers were found.
SLF4J: Defaulting to no-operation (NOP) logger implementation
SLF4J: See http://www.slf4j.org/codes.html#noProviders for further details.
]]></system-err>
</testsuite>
