<?xml version="1.0" encoding="UTF-8"?>
<testsuite name="CryptoEnvelopeTest[desktop]" tests="4" skipped="0" failures="0" errors="0" timestamp="2026-09-15T19:00:47.849Z" hostname="runnervmlun5p" time="0.01">
  <properties/>
  <testcase name="padded marker is accepted and normalizes to the engine envelope[desktop]" classname="com.passvault.core.crypto.CryptoEnvelopeTest" time="0.009"/>
  <testcase name="encode rejects a versioned ciphertext whose separate tag disagrees[desktop]" classname="com.passvault.core.crypto.CryptoEnvelopeTest" time="0.001"/>
  <testcase name="encode preserves one authenticated tag for a versioned ciphertext[desktop]" classname="com.passvault.core.crypto.CryptoEnvelopeTest" time="0.0"/>
  <testcase name="normalize removes only an identical duplicated trailing tag[desktop]" classname="com.passvault.core.crypto.CryptoEnvelopeTest" time="0.0"/>
  <system-out><![CDATA[]]></system-out>
  <system-err><![CDATA[]]></system-err>
</testsuite>
