<?xml version="1.0" encoding="UTF-8"?>
<testsuite name="ThemeColorSchemeTest[desktop]" tests="3" skipped="0" failures="0" errors="0" timestamp="2026-09-15T18:42:55.853Z" hostname="runnervmlun5p" time="0.05">
  <properties/>
  <testcase name="everyAccentHasDistinctLightAndDarkPrimaryColors[desktop]" classname="com.passvault.core.designsystem.theme.ThemeColorSchemeTest" time="0.04"/>
  <testcase name="darkThemeUsesPureBlackCanvasForEveryAccent[desktop]" classname="com.passvault.core.designsystem.theme.ThemeColorSchemeTest" time="0.0"/>
  <testcase name="accentTextRolesMeetReadableContrast[desktop]" classname="com.passvault.core.designsystem.theme.ThemeColorSchemeTest" time="0.007"/>
  <system-out><![CDATA[]]></system-out>
  <system-err><![CDATA[]]></system-err>
</testsuite>
