<?xml version="1.0" encoding="UTF-8"?>
<testsuite name="CredentialUrlLaunchTest[desktop]" tests="2" skipped="0" failures="0" errors="0" timestamp="2026-09-16T18:02:04.147Z" hostname="runnervmlun5p" time="0.036">
  <properties/>
  <testcase name="launch emits only accepted web url values[desktop]" classname="com.passvault.feature.credential.presentation.CredentialUrlLaunchTest" time="0.033"/>
  <testcase name="launch rejects non web and ambiguous values without emitting effects[desktop]" classname="com.passvault.feature.credential.presentation.CredentialUrlLaunchTest" time="0.003"/>
  <system-out><![CDATA[]]></system-out>
  <system-err><![CDATA[]]></system-err>
</testsuite>
