<?xml version="1.0" encoding="UTF-8"?>
<testsuite name="VaultUiSecurityCoordinatorTest[desktop]" tests="8" skipped="0" failures="0" errors="0" timestamp="2026-09-15T15:35:05.285Z" hostname="sjc22-bm211-c55078be-2b33-4193-9c86-dddc112a750b-9ADF74DD38F7.local" time="0.096">
  <properties/>
  <testcase name="closed entry registration is excluded without disturbing live owners[desktop]" classname="com.passvault.core.security.VaultUiSecurityCoordinatorTest" time="0.011"/>
  <testcase name="zero and future acknowledgements are rejected[desktop]" classname="com.passvault.core.security.VaultUiSecurityCoordinatorTest" time="0.013"/>
  <testcase name="same entry owner cannot be registered twice[desktop]" classname="com.passvault.core.security.VaultUiSecurityCoordinatorTest" time="0.0"/>
  <testcase name="lock clears every registered entry owner synchronously on each transition[desktop]" classname="com.passvault.core.security.VaultUiSecurityCoordinatorTest" time="0.0"/>
  <testcase name="stale acknowledgement cannot satisfy a newer security request[desktop]" classname="com.passvault.core.security.VaultUiSecurityCoordinatorTest" time="0.067"/>
  <testcase name="requests are monotonic and acknowledgements may coalesce[desktop]" classname="com.passvault.core.security.VaultUiSecurityCoordinatorTest" time="0.0"/>
  <testcase name="zero and future await requests are rejected[desktop]" classname="com.passvault.core.security.VaultUiSecurityCoordinatorTest" time="0.001"/>
  <testcase name="cancelled waiter cannot acknowledge or satisfy a later request[desktop]" classname="com.passvault.core.security.VaultUiSecurityCoordinatorTest" time="0.002"/>
  <system-out><![CDATA[]]></system-out>
  <system-err><![CDATA[]]></system-err>
</testsuite>
