<?xml version="1.0" encoding="UTF-8"?>
<testsuite name="CredentialSensitiveValuesTest[desktop]" tests="1" skipped="0" failures="0" errors="0" timestamp="2026-09-16T15:28:14.377Z" hostname="runnervmlun5p" time="0.035">
  <properties/>
  <testcase name="clear sensitive values wipes every credential-owned secret and is idempotent[desktop]" classname="com.passvault.core.domain.model.CredentialSensitiveValuesTest" time="0.032"/>
  <system-out><![CDATA[]]></system-out>
  <system-err><![CDATA[]]></system-err>
</testsuite>
