<?xml version="1.0" encoding="UTF-8"?>
<testsuite name="RepositoryUnicodeSecurityIntegrationTest[desktop]" tests="3" skipped="0" failures="0" errors="0" timestamp="2026-09-16T15:28:02.897Z" hostname="runnervmlun5p" time="0.468">
  <properties/>
  <testcase name="credential save rejects malformed Unicode in encrypted secret fields[desktop]" classname="com.passvault.core.database.repository.RepositoryUnicodeSecurityIntegrationTest" time="0.232"/>
  <testcase name="metadata limits count supplementary characters without splitting them[desktop]" classname="com.passvault.core.database.repository.RepositoryUnicodeSecurityIntegrationTest" time="0.233"/>
  <testcase name="vault creation rejects a malformed Unicode master password[desktop]" classname="com.passvault.core.database.repository.RepositoryUnicodeSecurityIntegrationTest" time="0.003"/>
  <system-out><![CDATA[]]></system-out>
  <system-err><![CDATA[]]></system-err>
</testsuite>
