<?xml version="1.0" encoding="UTF-8"?>
<testsuite name="VaultMasterPasswordMatcherIntegrationTest[desktop]" tests="4" skipped="0" failures="0" errors="0" timestamp="2026-09-16T15:28:04.304Z" hostname="runnervmlun5p" time="1.353">
  <properties/>
  <testcase name="master password matcher clears candidate derivation material[desktop]" classname="com.passvault.core.database.repository.VaultMasterPasswordMatcherIntegrationTest" time="0.401"/>
  <testcase name="master password matcher propagates non authentication crypto failures[desktop]" classname="com.passvault.core.database.repository.VaultMasterPasswordMatcherIntegrationTest" time="0.317"/>
  <testcase name="master password matcher is exact and unavailable while locked[desktop]" classname="com.passvault.core.database.repository.VaultMasterPasswordMatcherIntegrationTest" time="0.402"/>
  <testcase name="cancelling master password matching releases its session lease[desktop]" classname="com.passvault.core.database.repository.VaultMasterPasswordMatcherIntegrationTest" time="0.233"/>
  <system-out><![CDATA[]]></system-out>
  <system-err><![CDATA[]]></system-err>
</testsuite>
