<?xml version="1.0" encoding="UTF-8"?>
<testsuite name="com.passvault.core.testing.fakes.VaultRepositoryTest" tests="22" skipped="0" failures="0" errors="0" timestamp="2026-09-15T08:32:27.885Z" hostname="runnervmlun5p" time="0.061">
  <properties/>
  <testcase name="operation failure returns failure result" classname="com.passvault.core.testing.fakes.VaultRepositoryTest" time="0.004"/>
  <testcase name="lock emits locked state" classname="com.passvault.core.testing.fakes.VaultRepositoryTest" time="0.02"/>
  <testcase name="create vault sets exists to true" classname="com.passvault.core.testing.fakes.VaultRepositoryTest" time="0.004"/>
  <testcase name="exists returns false when no vault" classname="com.passvault.core.testing.fakes.VaultRepositoryTest" time="0.001"/>
  <testcase name="unlock with delay allows loading state" classname="com.passvault.core.testing.fakes.VaultRepositoryTest" time="0.004"/>
  <testcase name="configured cancellation remains coroutine control flow and is consumed once" classname="com.passvault.core.testing.fakes.VaultRepositoryTest" time="0.001"/>
  <testcase name="exists returns true when vault exists" classname="com.passvault.core.testing.fakes.VaultRepositoryTest" time="0.001"/>
  <testcase name="session state flow emits current state" classname="com.passvault.core.testing.fakes.VaultRepositoryTest" time="0.004"/>
  <testcase name="multiple unlock attempts are handled" classname="com.passvault.core.testing.fakes.VaultRepositoryTest" time="0.001"/>
  <testcase name="change password validation precedence matches production while locked" classname="com.passvault.core.testing.fakes.VaultRepositoryTest" time="0.002"/>
  <testcase name="unlock with correct password succeeds" classname="com.passvault.core.testing.fakes.VaultRepositoryTest" time="0.001"/>
  <testcase name="get metadata fails when no vault" classname="com.passvault.core.testing.fakes.VaultRepositoryTest" time="0.002"/>
  <testcase name="failed lock result still revokes the fake session and retains its reason" classname="com.passvault.core.testing.fakes.VaultRepositoryTest" time="0.001"/>
  <testcase name="reset clears all state" classname="com.passvault.core.testing.fakes.VaultRepositoryTest" time="0.001"/>
  <testcase name="get metadata returns vault info" classname="com.passvault.core.testing.fakes.VaultRepositoryTest" time="0.002"/>
  <testcase name="unlock failure returns failure result" classname="com.passvault.core.testing.fakes.VaultRepositoryTest" time="0.001"/>
  <testcase name="lock sets session to locked" classname="com.passvault.core.testing.fakes.VaultRepositoryTest" time="0.001"/>
  <testcase name="create vault returns vault id" classname="com.passvault.core.testing.fakes.VaultRepositoryTest" time="0.002"/>
  <testcase name="session state survives configuration change simulation" classname="com.passvault.core.testing.fakes.VaultRepositoryTest" time="0.001"/>
  <testcase name="unlock emits unlocking then unlocked state" classname="com.passvault.core.testing.fakes.VaultRepositoryTest" time="0.003"/>
  <testcase name="create vault emits locked state" classname="com.passvault.core.testing.fakes.VaultRepositoryTest" time="0.001"/>
  <testcase name="change password succeeds" classname="com.passvault.core.testing.fakes.VaultRepositoryTest" time="0.002"/>
  <system-out><![CDATA[]]></system-out>
  <system-err><![CDATA[]]></system-err>
</testsuite>
