<?xml version="1.0" encoding="UTF-8"?>
<testsuite name="com.passvault.core.crypto.CryptoEnvelopeTest" tests="4" skipped="0" failures="0" errors="0" timestamp="2026-09-15T08:30:47.256Z" hostname="runnervmlun5p" time="0.005">
  <properties/>
  <testcase name="padded marker is accepted and normalizes to the engine envelope" classname="com.passvault.core.crypto.CryptoEnvelopeTest" time="0.005"/>
  <testcase name="encode rejects a versioned ciphertext whose separate tag disagrees" classname="com.passvault.core.crypto.CryptoEnvelopeTest" time="0.0"/>
  <testcase name="encode preserves one authenticated tag for a versioned ciphertext" classname="com.passvault.core.crypto.CryptoEnvelopeTest" time="0.0"/>
  <testcase name="normalize removes only an identical duplicated trailing tag" classname="com.passvault.core.crypto.CryptoEnvelopeTest" time="0.0"/>
  <system-out><![CDATA[]]></system-out>
  <system-err><![CDATA[]]></system-err>
</testsuite>
