<?xml version="1.0" encoding="UTF-8"?>
<testsuite name="CryptoEngineTest[desktop]" tests="39" skipped="0" failures="0" errors="0" timestamp="2026-09-15T18:41:24.993Z" hostname="runnervmlun5p" time="0.225">
  <properties/>
  <testcase name="encrypted data includes authentication tag[desktop]" classname="com.passvault.core.crypto.CryptoEngineTest" time="0.003"/>
  <testcase name="encrypt empty data succeeds[desktop]" classname="com.passvault.core.crypto.CryptoEngineTest" time="0.001"/>
  <testcase name="decrypt recovers original plaintext[desktop]" classname="com.passvault.core.crypto.CryptoEngineTest" time="0.002"/>
  <testcase name="production benchmark returns the bounded interactive profile[desktop]" classname="com.passvault.core.crypto.CryptoEngineTest" time="0.065"/>
  <testcase name="production deriveKey rejects salts that are not exactly 16 bytes[desktop]" classname="com.passvault.core.crypto.CryptoEngineTest" time="0.024"/>
  <testcase name="generateRandom produces different values each call[desktop]" classname="com.passvault.core.crypto.CryptoEngineTest" time="0.002"/>
  <testcase name="secureWipe handles empty array[desktop]" classname="com.passvault.core.crypto.CryptoEngineTest" time="0.001"/>
  <testcase name="key derivation workflow[desktop]" classname="com.passvault.core.crypto.CryptoEngineTest" time="0.002"/>
  <testcase name="deriveSubkey produces different keys for different contexts[desktop]" classname="com.passvault.core.crypto.CryptoEngineTest" time="0.001"/>
  <testcase name="encrypt with associated data succeeds[desktop]" classname="com.passvault.core.crypto.CryptoEngineTest" time="0.001"/>
  <testcase name="production deriveSubkey rejects oversized contexts before hashing[desktop]" classname="com.passvault.core.crypto.CryptoEngineTest" time="0.023"/>
  <testcase name="production deriveSubkey rejects malformed Unicode contexts[desktop]" classname="com.passvault.core.crypto.CryptoEngineTest" time="0.021"/>
  <testcase name="secureWipe clears array contents[desktop]" classname="com.passvault.core.crypto.CryptoEngineTest" time="0.002"/>
  <testcase name="constantTimeEquals returns false for different lengths[desktop]" classname="com.passvault.core.crypto.CryptoEngineTest" time="0.001"/>
  <testcase name="modified authentication tag causes failure[desktop]" classname="com.passvault.core.crypto.CryptoEngineTest" time="0.001"/>
  <testcase name="decrypt with tampered ciphertext fails[desktop]" classname="com.passvault.core.crypto.CryptoEngineTest" time="0.002"/>
  <testcase name="decrypt empty ciphertext succeeds[desktop]" classname="com.passvault.core.crypto.CryptoEngineTest" time="0.001"/>
  <testcase name="decrypt with wrong nonce fails[desktop]" classname="com.passvault.core.crypto.CryptoEngineTest" time="0.001"/>
  <testcase name="deriveSubkey produces consistent results[desktop]" classname="com.passvault.core.crypto.CryptoEngineTest" time="0.001"/>
  <testcase name="deriveKey produces different keys with different salts[desktop]" classname="com.passvault.core.crypto.CryptoEngineTest" time="0.001"/>
  <testcase name="Argon2 benchmark selection is monotonic and memory bounded[desktop]" classname="com.passvault.core.crypto.CryptoEngineTest" time="0.001"/>
  <testcase name="generateRandom produces requested size[desktop]" classname="com.passvault.core.crypto.CryptoEngineTest" time="0.001"/>
  <testcase name="encrypt large data succeeds[desktop]" classname="com.passvault.core.crypto.CryptoEngineTest" time="0.024"/>
  <testcase name="constantTimeEquals works for single byte difference[desktop]" classname="com.passvault.core.crypto.CryptoEngineTest" time="0.001"/>
  <testcase name="deriveKey produces different keys with different passwords[desktop]" classname="com.passvault.core.crypto.CryptoEngineTest" time="0.001"/>
  <testcase name="decrypt with wrong key fails[desktop]" classname="com.passvault.core.crypto.CryptoEngineTest" time="0.001"/>
  <testcase name="operations succeed after reset from failure[desktop]" classname="com.passvault.core.crypto.CryptoEngineTest" time="0.001"/>
  <testcase name="full encryption workflow[desktop]" classname="com.passvault.core.crypto.CryptoEngineTest" time="0.001"/>
  <testcase name="encrypt produces different ciphertext for same plaintext[desktop]" classname="com.passvault.core.crypto.CryptoEngineTest" time="0.001"/>
  <testcase name="constantTimeEquals returns false for empty arrays[desktop]" classname="com.passvault.core.crypto.CryptoEngineTest" time="0.001"/>
  <testcase name="operations fail when configured to fail[desktop]" classname="com.passvault.core.crypto.CryptoEngineTest" time="0.001"/>
  <testcase name="deriveSubkey produces requested size[desktop]" classname="com.passvault.core.crypto.CryptoEngineTest" time="0.001"/>
  <testcase name="deriveKey produces consistent results with same parameters[desktop]" classname="com.passvault.core.crypto.CryptoEngineTest" time="0.001"/>
  <testcase name="benchmarkArgon2 returns valid parameters[desktop]" classname="com.passvault.core.crypto.CryptoEngineTest" time="0.001"/>
  <testcase name="generateMasterKey produces 32 byte key[desktop]" classname="com.passvault.core.crypto.CryptoEngineTest" time="0.001"/>
  <testcase name="production deriveKey rejects resource-exhausting parameters before native allocation[desktop]" classname="com.passvault.core.crypto.CryptoEngineTest" time="0.026"/>
  <testcase name="constantTimeEquals returns true for identical arrays[desktop]" classname="com.passvault.core.crypto.CryptoEngineTest" time="0.001"/>
  <testcase name="constantTimeEquals returns false for different arrays[desktop]" classname="com.passvault.core.crypto.CryptoEngineTest" time="0.001"/>
  <testcase name="deriveKey returns correct parameters[desktop]" classname="com.passvault.core.crypto.CryptoEngineTest" time="0.001"/>
  <system-out><![CDATA[]]></system-out>
  <system-err><![CDATA[]]></system-err>
</testsuite>
