<?xml version="1.0" encoding="UTF-8"?>
<testsuite name="com.passvault.core.navigation.ExternalNavigationTest" tests="3" skipped="0" failures="0" errors="0" timestamp="2026-09-15T07:57:32.176Z" hostname="runnervmlun5p" time="0.01">
  <properties/>
  <testcase name="parser rejects malformed unsupported and oversized input" classname="com.passvault.core.navigation.ExternalNavigationTest" time="0.008"/>
  <testcase name="parser accepts only the documented internal grammar" classname="com.passvault.core.navigation.ExternalNavigationTest" time="0.0"/>
  <testcase name="dispatcher is conflated has no replay backlog and consumes by delivery id" classname="com.passvault.core.navigation.ExternalNavigationTest" time="0.0"/>
  <system-out><![CDATA[]]></system-out>
  <system-err><![CDATA[]]></system-err>
</testsuite>
