<?xml version="1.0" encoding="UTF-8"?>
<testsuite name="NavigationSerializationTest[jvm]" tests="2" skipped="0" failures="0" errors="0" timestamp="2026-09-15T07:57:29.656Z" hostname="runnervmlun5p" time="0.06">
  <properties/>
  <testcase name="main navigation snapshot preserves every tab stack[jvm]" classname="com.passvault.core.navigation.NavigationSerializationTest" time="0.045"/>
  <testcase name="every registered route round trips with a stable serial name[jvm]" classname="com.passvault.core.navigation.NavigationSerializationTest" time="0.015"/>
  <system-out><![CDATA[]]></system-out>
  <system-err><![CDATA[]]></system-err>
</testsuite>
