<?xml version="1.0" encoding="UTF-8"?>
<testsuite name="CredentialDaoTransactionTest[desktop]" tests="7" skipped="0" failures="0" errors="0" timestamp="2026-09-15T19:01:03.066Z" hostname="runnervmlun5p" time="0.111">
  <properties/>
  <testcase name="full save transaction retains only ten newest history rows[desktop]" classname="com.passvault.core.database.CredentialDaoTransactionTest" time="0.041"/>
  <testcase name="full save transaction updates history count and format[desktop]" classname="com.passvault.core.database.CredentialDaoTransactionTest" time="0.008"/>
  <testcase name="tag replacement removes stale references[desktop]" classname="com.passvault.core.database.CredentialDaoTransactionTest" time="0.009"/>
  <testcase name="folder update keeps canonical column and cross reference aligned[desktop]" classname="com.passvault.core.database.CredentialDaoTransactionTest" time="0.009"/>
  <testcase name="history retention is deterministic when timestamps are equal[desktop]" classname="com.passvault.core.database.CredentialDaoTransactionTest" time="0.022"/>
  <testcase name="delete transaction cascades relations and refreshes count[desktop]" classname="com.passvault.core.database.CredentialDaoTransactionTest" time="0.01"/>
  <testcase name="health query returns only login records[desktop]" classname="com.passvault.core.database.CredentialDaoTransactionTest" time="0.01"/>
  <system-out><![CDATA[]]></system-out>
  <system-err><![CDATA[]]></system-err>
</testsuite>
