<?xml version="1.0" encoding="UTF-8"?>
<testsuite name="RepositoryTotpSecurityIntegrationTest[desktop]" tests="5" skipped="0" failures="0" errors="0" timestamp="2026-09-15T19:02:15.519Z" hostname="runnervmlun5p" time="1.614">
  <properties/>
  <testcase name="TOTP configuration is encrypted and marks the vault format[desktop]" classname="com.passvault.core.database.repository.RepositoryTotpSecurityIntegrationTest" time="0.249"/>
  <testcase name="encrypted backup restores TOTP configuration[desktop]" classname="com.passvault.core.database.repository.RepositoryTotpSecurityIntegrationTest" time="0.638"/>
  <testcase name="TOTP configuration is rejected for non-login credentials without upgrading format[desktop]" classname="com.passvault.core.database.repository.RepositoryTotpSecurityIntegrationTest" time="0.24"/>
  <testcase name="TOTP display read returns only authenticator accounts and transfers clearable seed ownership[desktop]" classname="com.passvault.core.database.repository.RepositoryTotpSecurityIntegrationTest" time="0.247"/>
  <testcase name="noncanonical TOTP secret is rejected before persistence[desktop]" classname="com.passvault.core.database.repository.RepositoryTotpSecurityIntegrationTest" time="0.24"/>
  <system-out><![CDATA[]]></system-out>
  <system-err><![CDATA[]]></system-err>
</testsuite>
