<?xml version="1.0" encoding="UTF-8"?>
<testsuite name="AttachmentImportCommitHandoffTest[desktop]" tests="3" skipped="0" failures="0" errors="0" timestamp="2026-09-15T19:01:04.708Z" hostname="runnervmlun5p" time="0.04">
  <properties/>
  <testcase name="cancel after real Room commit but before result dispatch keeps the referenced object[desktop]" classname="com.passvault.core.database.attachment.AttachmentImportCommitHandoffTest" time="0.026"/>
  <testcase name="cancel while the real Room insert is queued respects its eventual durable ownership[desktop]" classname="com.passvault.core.database.attachment.AttachmentImportCommitHandoffTest" time="0.006"/>
  <testcase name="successful real Room result delivery keeps a verifiable object[desktop]" classname="com.passvault.core.database.attachment.AttachmentImportCommitHandoffTest" time="0.008"/>
  <system-out><![CDATA[]]></system-out>
  <system-err><![CDATA[]]></system-err>
</testsuite>
