<?xml version="1.0" encoding="UTF-8"?>
<testsuite name="com.passvault.feature.settings.presentation.SettingsPreferencePersistenceTest" tests="1" skipped="0" failures="0" errors="0" timestamp="2026-09-16T15:28:45.228Z" hostname="runnervmlun5p" time="0.006">
  <properties/>
  <testcase name="lock cleanup does not cancel an in-flight preference save" classname="com.passvault.feature.settings.presentation.SettingsPreferencePersistenceTest" time="0.006"/>
  <system-out><![CDATA[]]></system-out>
  <system-err><![CDATA[]]></system-err>
</testsuite>
