<?xml version="1.0" encoding="UTF-8"?>
<testsuite name="DesktopFocusLossLockPolicyTest[desktop]" tests="6" skipped="0" failures="0" errors="0" timestamp="2026-09-16T17:56:12.239Z" hostname="sat12-dp152-114d58e3-54a8-4ec3-ae36-d4e55089c489-2E67230847F5.local" time="0.002">
  <properties/>
  <testcase name="ending suppression enforces an already exhausted focus loss budget[desktop]" classname="com.passvault.desktop.security.DesktopFocusLossLockPolicyTest" time="0.001"/>
  <testcase name="active biometric suppression cannot exceed its absolute deadline[desktop]" classname="com.passvault.desktop.security.DesktopFocusLossLockPolicyTest" time="0.001"/>
  <testcase name="configuration does not lock before an external focus loss[desktop]" classname="com.passvault.desktop.security.DesktopFocusLossLockPolicyTest" time="0.0"/>
  <testcase name="separate focus losses consume one cumulative budget[desktop]" classname="com.passvault.desktop.security.DesktopFocusLossLockPolicyTest" time="0.0"/>
  <testcase name="disabling focus locking clears elapsed time from the prior session[desktop]" classname="com.passvault.desktop.security.DesktopFocusLossLockPolicyTest" time="0.0"/>
  <testcase name="focused time does not consume the focus loss budget[desktop]" classname="com.passvault.desktop.security.DesktopFocusLossLockPolicyTest" time="0.0"/>
  <system-out><![CDATA[]]></system-out>
  <system-err><![CDATA[]]></system-err>
</testsuite>
