<?xml version="1.0" encoding="UTF-8"?>
<testsuite name="DesktopWindowProtectionTest[desktop]" tests="8" skipped="0" failures="0" errors="0" timestamp="2026-09-16T17:56:12.259Z" hostname="sat12-dp152-114d58e3-54a8-4ec3-ae36-d4e55089c489-2E67230847F5.local" time="0.107">
  <properties/>
  <testcase name="cleanup resets lifecycle state[desktop]" classname="com.passvault.desktop.security.DesktopWindowProtectionTest" time="0.001"/>
  <testcase name="restore remains deferred until vault content is secured[desktop]" classname="com.passvault.desktop.security.DesktopWindowProtectionTest" time="0.0"/>
  <testcase name="unattached protection is not reported as minimized[desktop]" classname="com.passvault.desktop.security.DesktopWindowProtectionTest" time="0.0"/>
  <testcase name="native restore remains minimized until locked content is secured[desktop]" classname="com.passvault.desktop.security.DesktopWindowProtectionTest" time="0.0"/>
  <testcase name="lock installs an opaque curtain before unlock restores the original glass pane[desktop]" classname="com.passvault.desktop.security.DesktopWindowProtectionTest" time="0.105"/>
  <testcase name="failed content security stays concealed and a later restore retries[desktop]" classname="com.passvault.desktop.security.DesktopWindowProtectionTest" time="0.0"/>
  <testcase name="unlock rearms future lock notifications[desktop]" classname="com.passvault.desktop.security.DesktopWindowProtectionTest" time="0.001"/>
  <testcase name="shutdown preparation locks without starting duplicate cleanup[desktop]" classname="com.passvault.desktop.security.DesktopWindowProtectionTest" time="0.0"/>
  <system-out><![CDATA[]]></system-out>
  <system-err><![CDATA[]]></system-err>
</testsuite>
