<?xml version="1.0" encoding="UTF-8"?>
<testsuite name="DesktopPrivateDirectoryTest[desktop]" tests="4" skipped="0" failures="0" errors="0" timestamp="2026-09-16T17:56:12.243Z" hostname="sat12-dp152-114d58e3-54a8-4ec3-ae36-d4e55089c489-2E67230847F5.local" time="0.012">
  <properties/>
  <testcase name="existing POSIX directory is repaired to owner-only access[desktop]" classname="com.passvault.desktop.security.DesktopPrivateDirectoryTest" time="0.008"/>
  <testcase name="trusted symbolic-link ancestors are canonicalized without accepting a linked leaf[desktop]" classname="com.passvault.desktop.security.DesktopPrivateDirectoryTest" time="0.002"/>
  <testcase name="new nested directories use the host private-access mechanism[desktop]" classname="com.passvault.desktop.security.DesktopPrivateDirectoryTest" time="0.001"/>
  <testcase name="symbolic-link directory is rejected[desktop]" classname="com.passvault.desktop.security.DesktopPrivateDirectoryTest" time="0.001"/>
  <system-out><![CDATA[]]></system-out>
  <system-err><![CDATA[]]></system-err>
</testsuite>
