<?xml version="1.0" encoding="UTF-8"?>
<testsuite name="DesktopClipboardServiceTest[desktop]" tests="7" skipped="0" failures="0" errors="0" timestamp="2026-09-16T17:56:09.307Z" hostname="sat12-dp152-114d58e3-54a8-4ec3-ae36-d4e55089c489-2E67230847F5.local" time="2.928">
  <properties/>
  <testcase name="failed replacement preserves prior sensitive ownership[desktop]" classname="com.passvault.desktop.security.DesktopClipboardServiceTest" time="0.887"/>
  <testcase name="macos sensitive hints use exact pasteboard type mappings[desktop]" classname="com.passvault.desktop.security.DesktopClipboardServiceTest" time="0.009"/>
  <testcase name="cancellation after native write still installs sensitive ownership[desktop]" classname="com.passvault.desktop.security.DesktopClipboardServiceTest" time="0.003"/>
  <testcase name="windows sensitive copy publishes all native retention opt outs only for secrets[desktop]" classname="com.passvault.desktop.security.DesktopClipboardServiceTest" time="0.002"/>
  <testcase name="macos system clipboard receives concealed and transient types[desktop]" classname="com.passvault.desktop.security.DesktopClipboardServiceTest" time="2.023"/>
  <testcase name="production flavor registration preserves exact native names[desktop]" classname="com.passvault.desktop.security.DesktopClipboardServiceTest" time="0.001"/>
  <testcase name="windows system clipboard receives retention formats with zero DWORD values[desktop]" classname="com.passvault.desktop.security.DesktopClipboardServiceTest" time="0.001"/>
  <system-out><![CDATA[]]></system-out>
  <system-err><![CDATA[]]></system-err>
</testsuite>
