<?xml version="1.0" encoding="UTF-8"?>
<testsuite name="DesktopBiometricPromptCoordinatorTest[desktop]" tests="1" skipped="0" failures="0" errors="0" timestamp="2026-09-16T01:17:12.412Z" hostname="sat12-bq158-dfbc3b17-2b6b-4ac3-bdc0-f7ee0515ee4e-82B2D54EBC61.local" time="0.0">
  <properties/>
  <testcase name="prompt coordination is active only for the native prompt lifetime[desktop]" classname="com.passvault.desktop.security.biometric.DesktopBiometricPromptCoordinatorTest" time="0.0"/>
  <system-out><![CDATA[]]></system-out>
  <system-err><![CDATA[]]></system-err>
</testsuite>
