<?xml version="1.0" encoding="UTF-8"?>
<testsuite name="NavigationSerializationTest[jvm]" tests="2" skipped="0" failures="0" errors="0" timestamp="2026-09-16T01:23:33.686Z" hostname="runnervmlun5p" time="0.052">
  <properties/>
  <testcase name="main navigation snapshot preserves every tab stack[jvm]" classname="com.passvault.core.navigation.NavigationSerializationTest" time="0.032"/>
  <testcase name="every registered route round trips with a stable serial name[jvm]" classname="com.passvault.core.navigation.NavigationSerializationTest" time="0.019"/>
  <system-out><![CDATA[]]></system-out>
  <system-err><![CDATA[]]></system-err>
</testsuite>
