<?xml version="1.0" encoding="UTF-8"?>
<testsuite name="OperatingSystemTest[desktop]" tests="2" skipped="0" failures="0" errors="0" timestamp="2026-09-15T19:04:34.941Z" hostname="iad20-eo1209-738151e5-9879-4379-bac0-7b84a74dca0c-8E2C8EF75B34.local" time="0.001">
  <properties/>
  <testcase name="unknownOrAbsentOperatingSystemNamesStayUnknown[desktop]" classname="com.passvault.desktop.OperatingSystemTest" time="0.001"/>
  <testcase name="recognizesSupportedJvmOperatingSystemNames[desktop]" classname="com.passvault.desktop.OperatingSystemTest" time="0.0"/>
  <system-out><![CDATA[]]></system-out>
  <system-err><![CDATA[]]></system-err>
</testsuite>
