<?xml version="1.0" encoding="UTF-8"?>
<testsuite name="com.passvault.feature.generator.presentation.GeneratorViewModelTest" tests="9" skipped="0" failures="0" errors="0" timestamp="2026-09-15T19:02:53.953Z" hostname="runnervmlun5p" time="0.256">
  <properties/>
  <testcase name="secret effects emitted without a screen are not replayed later" classname="com.passvault.feature.generator.presentation.GeneratorViewModelTest" time="0.164"/>
  <testcase name="cleared generator is regenerated when its screen is entered again" classname="com.passvault.feature.generator.presentation.GeneratorViewModelTest" time="0.004"/>
  <testcase name="random generation failure clears the previous generated password" classname="com.passvault.feature.generator.presentation.GeneratorViewModelTest" time="0.036"/>
  <testcase name="default passphrase has at least eighty bits of generator entropy" classname="com.passvault.feature.generator.presentation.GeneratorViewModelTest" time="0.005"/>
  <testcase name="word separator keeps complete supplementary characters at its boundary" classname="com.passvault.feature.generator.presentation.GeneratorViewModelTest" time="0.01"/>
  <testcase name="clipboard result reflects the platform operation and can be dismissed" classname="com.passvault.feature.generator.presentation.GeneratorViewModelTest" time="0.022"/>
  <testcase name="generation state ends when secure output is ready" classname="com.passvault.feature.generator.presentation.GeneratorViewModelTest" time="0.002"/>
  <testcase name="invalid character selection clears the previous generated password" classname="com.passvault.feature.generator.presentation.GeneratorViewModelTest" time="0.004"/>
  <testcase name="word count is clamped to the audited entropy range" classname="com.passvault.feature.generator.presentation.GeneratorViewModelTest" time="0.004"/>
  <system-out><![CDATA[]]></system-out>
  <system-err><![CDATA[]]></system-err>
</testsuite>
