<?xml version="1.0" encoding="UTF-8"?>
<testsuite name="PasswordStrengthCalculatorTest[desktop]" tests="13" skipped="0" failures="0" errors="0" timestamp="2026-09-15T07:57:26.109Z" hostname="runnervmlun5p" time="0.008">
  <properties/>
  <testcase name="sequential characters are weak[desktop]" classname="com.passvault.core.domain.model.PasswordStrengthCalculatorTest" time="0.001"/>
  <testcase name="common human password patterns remain below acceptance gates[desktop]" classname="com.passvault.core.domain.model.PasswordStrengthCalculatorTest" time="0.001"/>
  <testcase name="length outweighs character classes for otherwise unpredictable passwords[desktop]" classname="com.passvault.core.domain.model.PasswordStrengthCalculatorTest" time="0.004"/>
  <testcase name="adding distinct unpredictable characters does not reduce strength[desktop]" classname="com.passvault.core.domain.model.PasswordStrengthCalculatorTest" time="0.001"/>
  <testcase name="empty password is very weak[desktop]" classname="com.passvault.core.domain.model.PasswordStrengthCalculatorTest" time="0.0"/>
  <testcase name="long password with all types is very strong[desktop]" classname="com.passvault.core.domain.model.PasswordStrengthCalculatorTest" time="0.0"/>
  <testcase name="very short password is very weak[desktop]" classname="com.passvault.core.domain.model.PasswordStrengthCalculatorTest" time="0.0"/>
  <testcase name="surrogate pairs do not inflate password length or uniqueness[desktop]" classname="com.passvault.core.domain.model.PasswordStrengthCalculatorTest" time="0.0"/>
  <testcase name="long passwords can reach the top band without composition rules[desktop]" classname="com.passvault.core.domain.model.PasswordStrengthCalculatorTest" time="0.001"/>
  <testcase name="repeated characters and short blocks are very weak[desktop]" classname="com.passvault.core.domain.model.PasswordStrengthCalculatorTest" time="0.0"/>
  <testcase name="common leetspeak password is not reported as strong[desktop]" classname="com.passvault.core.domain.model.PasswordStrengthCalculatorTest" time="0.0"/>
  <testcase name="common password is weak[desktop]" classname="com.passvault.core.domain.model.PasswordStrengthCalculatorTest" time="0.0"/>
  <testcase name="short passwords cannot reach the top band through character variety[desktop]" classname="com.passvault.core.domain.model.PasswordStrengthCalculatorTest" time="0.0"/>
  <system-out><![CDATA[]]></system-out>
  <system-err><![CDATA[]]></system-err>
</testsuite>
