<?xml version="1.0" encoding="UTF-8"?>
<testsuite name="NumericPasswordSequenceTest[desktop]" tests="4" skipped="0" failures="0" errors="0" timestamp="2026-09-15T07:57:26.068Z" hostname="runnervmlun5p" time="0.025">
  <properties/>
  <testcase name="every four-digit table window is detected in both directions[desktop]" classname="com.passvault.core.domain.model.NumericPasswordSequenceTest" time="0.019"/>
  <testcase name="ascending and descending numeric master passwords receive the sequence penalty[desktop]" classname="com.passvault.core.domain.model.NumericPasswordSequenceTest" time="0.003"/>
  <testcase name="leetspeak and alphabetic penalties remain independent of numeric detection[desktop]" classname="com.passvault.core.domain.model.NumericPasswordSequenceTest" time="0.001"/>
  <testcase name="numeric input is not rejected just for containing digits[desktop]" classname="com.passvault.core.domain.model.NumericPasswordSequenceTest" time="0.001"/>
  <system-out><![CDATA[]]></system-out>
  <system-err><![CDATA[]]></system-err>
</testsuite>
