<?xml version="1.0" encoding="UTF-8"?>
<testsuite name="VaultUiSecurityCoordinatorTest[desktop]" tests="8" skipped="0" failures="0" errors="0" timestamp="2026-09-15T18:45:49.607Z" hostname="sat12-dp155-1adf9a22-39c5-4bbc-8e8e-e3f864483e1a-AE061E98E8CC.local" time="0.099">
  <properties/>
  <testcase name="closed entry registration is excluded without disturbing live owners[desktop]" classname="com.passvault.core.security.VaultUiSecurityCoordinatorTest" time="0.015"/>
  <testcase name="zero and future acknowledgements are rejected[desktop]" classname="com.passvault.core.security.VaultUiSecurityCoordinatorTest" time="0.014"/>
  <testcase name="same entry owner cannot be registered twice[desktop]" classname="com.passvault.core.security.VaultUiSecurityCoordinatorTest" time="0.0"/>
  <testcase name="lock clears every registered entry owner synchronously on each transition[desktop]" classname="com.passvault.core.security.VaultUiSecurityCoordinatorTest" time="0.0"/>
  <testcase name="stale acknowledgement cannot satisfy a newer security request[desktop]" classname="com.passvault.core.security.VaultUiSecurityCoordinatorTest" time="0.064"/>
  <testcase name="requests are monotonic and acknowledgements may coalesce[desktop]" classname="com.passvault.core.security.VaultUiSecurityCoordinatorTest" time="0.0"/>
  <testcase name="zero and future await requests are rejected[desktop]" classname="com.passvault.core.security.VaultUiSecurityCoordinatorTest" time="0.001"/>
  <testcase name="cancelled waiter cannot acknowledge or satisfy a later request[desktop]" classname="com.passvault.core.security.VaultUiSecurityCoordinatorTest" time="0.003"/>
  <system-out><![CDATA[]]></system-out>
  <system-err><![CDATA[]]></system-err>
</testsuite>
