<?xml version="1.0" encoding="UTF-8"?>
<testsuite name="DesktopClipboardServiceTest[desktop]" tests="7" skipped="0" failures="0" errors="0" timestamp="2026-09-15T18:45:49.709Z" hostname="sat12-dp155-1adf9a22-39c5-4bbc-8e8e-e3f864483e1a-AE061E98E8CC.local" time="3.51">
  <properties/>
  <testcase name="failed replacement preserves prior sensitive ownership[desktop]" classname="com.passvault.desktop.security.DesktopClipboardServiceTest" time="0.824"/>
  <testcase name="macos sensitive hints use exact pasteboard type mappings[desktop]" classname="com.passvault.desktop.security.DesktopClipboardServiceTest" time="0.011"/>
  <testcase name="cancellation after native write still installs sensitive ownership[desktop]" classname="com.passvault.desktop.security.DesktopClipboardServiceTest" time="0.003"/>
  <testcase name="windows sensitive copy publishes all native retention opt outs only for secrets[desktop]" classname="com.passvault.desktop.security.DesktopClipboardServiceTest" time="0.002"/>
  <testcase name="macos system clipboard receives concealed and transient types[desktop]" classname="com.passvault.desktop.security.DesktopClipboardServiceTest" time="2.668"/>
  <testcase name="production flavor registration preserves exact native names[desktop]" classname="com.passvault.desktop.security.DesktopClipboardServiceTest" time="0.0"/>
  <testcase name="windows system clipboard receives retention formats with zero DWORD values[desktop]" classname="com.passvault.desktop.security.DesktopClipboardServiceTest" time="0.001"/>
  <system-out><![CDATA[]]></system-out>
  <system-err><![CDATA[]]></system-err>
</testsuite>
