<?xml version="1.0" encoding="UTF-8"?>
<testsuite name="OperatingSystemTest[desktop]" tests="2" skipped="0" failures="0" errors="0" timestamp="2026-09-15T09:09:59.662Z" hostname="runnervmlun5p" time="0.001">
  <properties/>
  <testcase name="unknownOrAbsentOperatingSystemNamesStayUnknown[desktop]" classname="com.passvault.desktop.OperatingSystemTest" time="0.001"/>
  <testcase name="recognizesSupportedJvmOperatingSystemNames[desktop]" classname="com.passvault.desktop.OperatingSystemTest" time="0.0"/>
  <system-out><![CDATA[]]></system-out>
  <system-err><![CDATA[]]></system-err>
</testsuite>
