<?xml version="1.0" encoding="UTF-8"?>
<testsuite name="DesktopFocusLossLockPolicyTest[desktop]" tests="6" skipped="0" failures="0" errors="0" timestamp="2026-09-15T19:00:37.959Z" hostname="iad20-eo1209-738151e5-9879-4379-bac0-7b84a74dca0c-8E2C8EF75B34.local" time="0.002">
  <properties/>
  <testcase name="ending suppression enforces an already exhausted focus loss budget[desktop]" classname="com.passvault.desktop.security.DesktopFocusLossLockPolicyTest" time="0.001"/>
  <testcase name="active biometric suppression cannot exceed its absolute deadline[desktop]" classname="com.passvault.desktop.security.DesktopFocusLossLockPolicyTest" time="0.001"/>
  <testcase name="configuration does not lock before an external focus loss[desktop]" classname="com.passvault.desktop.security.DesktopFocusLossLockPolicyTest" time="0.0"/>
  <testcase name="separate focus losses consume one cumulative budget[desktop]" classname="com.passvault.desktop.security.DesktopFocusLossLockPolicyTest" time="0.0"/>
  <testcase name="disabling focus locking clears elapsed time from the prior session[desktop]" classname="com.passvault.desktop.security.DesktopFocusLossLockPolicyTest" time="0.0"/>
  <testcase name="focused time does not consume the focus loss budget[desktop]" classname="com.passvault.desktop.security.DesktopFocusLossLockPolicyTest" time="0.0"/>
  <system-out><![CDATA[]]></system-out>
  <system-err><![CDATA[]]></system-err>
</testsuite>
