<?xml version="1.0" encoding="UTF-8"?>
<testsuite name="CredentialFolderForeignKeyMigrationTest[desktop]" tests="3" skipped="0" failures="0" errors="0" timestamp="2026-09-16T18:00:44.198Z" hostname="runnervmlun5p" time="0.464">
  <properties/>
  <testcase name="every shipped schema migrates to version five without losing the credential graph[desktop]" classname="com.passvault.core.database.CredentialFolderForeignKeyMigrationTest" time="0.328"/>
  <testcase name="Room validation failure rolls back the full upgrade and a clean reopen persists it[desktop]" classname="com.passvault.core.database.CredentialFolderForeignKeyMigrationTest" time="0.073"/>
  <testcase name="failed version five migration restores the intact version four graph[desktop]" classname="com.passvault.core.database.CredentialFolderForeignKeyMigrationTest" time="0.063"/>
  <system-out><![CDATA[]]></system-out>
  <system-err><![CDATA[]]></system-err>
</testsuite>
