<?xml version="1.0" encoding="UTF-8"?>
<testsuite name="BiometricVerificationFailureIntegrationTest[desktop]" tests="9" skipped="0" failures="0" errors="0" timestamp="2026-09-16T18:01:27.801Z" hostname="runnervmlun5p" time="1.662">
  <properties/>
  <testcase name="real tampered verification tag still invalidates enrollment[desktop]" classname="com.passvault.core.database.repository.BiometricVerificationFailureIntegrationTest" time="0.181"/>
  <testcase name="thrown provider failure is not a rejected biometric key[desktop]" classname="com.passvault.core.database.repository.BiometricVerificationFailureIntegrationTest" time="0.174"/>
  <testcase name="malformed metadata remains outside the invalidating verifier boundary[desktop]" classname="com.passvault.core.database.repository.BiometricVerificationFailureIntegrationTest" time="0.176"/>
  <testcase name="provider result failure preserves enrollment for a later verified unlock[desktop]" classname="com.passvault.core.database.repository.BiometricVerificationFailureIntegrationTest" time="0.178"/>
  <testcase name="explicit malformed verification plaintext still invalidates and is wiped[desktop]" classname="com.passvault.core.database.repository.BiometricVerificationFailureIntegrationTest" time="0.178"/>
  <testcase name="real wrong key authentication failure still invalidates enrollment[desktop]" classname="com.passvault.core.database.repository.BiometricVerificationFailureIntegrationTest" time="0.179"/>
  <testcase name="verification cancellation propagates without deleting enrollment[desktop]" classname="com.passvault.core.database.repository.BiometricVerificationFailureIntegrationTest" time="0.18"/>
  <testcase name="generic argument failure is not an authentication rejection[desktop]" classname="com.passvault.core.database.repository.BiometricVerificationFailureIntegrationTest" time="0.178"/>
  <testcase name="provider failure keeps password fallback usable without reenrollment[desktop]" classname="com.passvault.core.database.repository.BiometricVerificationFailureIntegrationTest" time="0.237"/>
  <system-out><![CDATA[]]></system-out>
  <system-err><![CDATA[]]></system-err>
</testsuite>
