<?xml version="1.0" encoding="UTF-8"?>
<testsuite name="VaultDatabaseRecoveryStorageTest[desktop]" tests="5" skipped="0" failures="0" errors="0" timestamp="2026-09-16T18:00:44.923Z" hostname="runnervmlun5p" time="0.024">
  <properties/>
  <testcase name="failed preservation rolls every moved source back into place[desktop]" classname="com.passvault.core.database.VaultDatabaseRecoveryStorageTest" time="0.005"/>
  <testcase name="oversized diagnostic input is discarded before a bounded rewrite[desktop]" classname="com.passvault.core.database.VaultDatabaseRecoveryStorageTest" time="0.006"/>
  <testcase name="diagnostics are bounded fixed codes with no retained arbitrary text[desktop]" classname="com.passvault.core.database.VaultDatabaseRecoveryStorageTest" time="0.01"/>
  <testcase name="startup restores an interrupted preservation before inspecting SQLite[desktop]" classname="com.passvault.core.database.VaultDatabaseRecoveryStorageTest" time="0.002"/>
  <testcase name="missing main file with an orphaned sidecar cannot become a fresh database[desktop]" classname="com.passvault.core.database.VaultDatabaseRecoveryStorageTest" time="0.0"/>
  <system-out><![CDATA[]]></system-out>
  <system-err><![CDATA[]]></system-err>
</testsuite>
