<?xml version="1.0" encoding="UTF-8"?>
<testsuite name="BiometricUnlockFreshnessIntegrationTest[desktop]" tests="12" skipped="0" failures="0" errors="0" timestamp="2026-09-16T18:01:25.438Z" hostname="runnervmlun5p" time="2.361">
  <properties/>
  <testcase name="lock during the last access write still prevents biometric publication[desktop]" classname="com.passvault.core.database.repository.BiometricUnlockFreshnessIntegrationTest" time="0.206"/>
  <testcase name="an already open session still succeeds without an intervening lock[desktop]" classname="com.passvault.core.database.repository.BiometricUnlockFreshnessIntegrationTest" time="0.249"/>
  <testcase name="pending lock refuses admission without metadata or platform access[desktop]" classname="com.passvault.core.database.repository.BiometricUnlockFreshnessIntegrationTest" time="0.249"/>
  <testcase name="admission precedes the platform enrollment lookup[desktop]" classname="com.passvault.core.database.repository.BiometricUnlockFreshnessIntegrationTest" time="0.182"/>
  <testcase name="a genuinely fresh attempt after completed lock still opens the vault[desktop]" classname="com.passvault.core.database.repository.BiometricUnlockFreshnessIntegrationTest" time="0.179"/>
  <testcase name="an admission from another repository cannot authorize this repository[desktop]" classname="com.passvault.core.database.repository.BiometricUnlockFreshnessIntegrationTest" time="0.178"/>
  <testcase name="cancellation after key transfer propagates and wipes the received array[desktop]" classname="com.passvault.core.database.repository.BiometricUnlockFreshnessIntegrationTest" time="0.177"/>
  <testcase name="completed lock rejects a key returned by an earlier biometric attempt[desktop]" classname="com.passvault.core.database.repository.BiometricUnlockFreshnessIntegrationTest" time="0.178"/>
  <testcase name="a fresh invalid candidate still invalidates its enrollment[desktop]" classname="com.passvault.core.database.repository.BiometricUnlockFreshnessIntegrationTest" time="0.176"/>
  <testcase name="admission precedes the biometric metadata lookup[desktop]" classname="com.passvault.core.database.repository.BiometricUnlockFreshnessIntegrationTest" time="0.173"/>
  <testcase name="stale admission takes precedence over malformed candidate invalidation[desktop]" classname="com.passvault.core.database.repository.BiometricUnlockFreshnessIntegrationTest" time="0.176"/>
  <testcase name="a stale completion cannot succeed against or relock a newer valid session[desktop]" classname="com.passvault.core.database.repository.BiometricUnlockFreshnessIntegrationTest" time="0.236"/>
  <system-out><![CDATA[]]></system-out>
  <system-err><![CDATA[]]></system-err>
</testsuite>
