<?xml version="1.0" encoding="UTF-8"?>
<testsuite name="com.passvault.android.backup.AndroidBackupDisplayNameTest" tests="3" skipped="0" failures="0" errors="0" timestamp="2026-09-15T08:29:38.741Z" hostname="runnervmlun5p" time="0.003">
  <properties/>
  <testcase name="codePointLimitCountsSupplementaryCharactersOnce" classname="com.passvault.android.backup.AndroidBackupDisplayNameTest" time="0.002"/>
  <testcase name="unsafeOrAmbiguousNamesAreRejected" classname="com.passvault.android.backup.AndroidBackupDisplayNameTest" time="0.001"/>
  <testcase name="normalSingleLineNameIsPreserved" classname="com.passvault.android.backup.AndroidBackupDisplayNameTest" time="0.0"/>
  <system-out><![CDATA[]]></system-out>
  <system-err><![CDATA[]]></system-err>
</testsuite>
