<?xml version="1.0" encoding="UTF-8"?>
<testsuite name="BackPolicyTest[desktop]" tests="6" skipped="0" failures="0" errors="0" timestamp="2026-09-15T07:55:35.377Z" hostname="runnervmlun5p" time="0.008">
  <properties/>
  <testcase name="clean idle editor permits Nav3 interactive pop[desktop]" classname="com.passvault.shared.navigation.BackPolicyTest" time="0.002"/>
  <testcase name="backup confirmation handles Back and active restore blocks it[desktop]" classname="com.passvault.shared.navigation.BackPolicyTest" time="0.002"/>
  <testcase name="active editor operation blocks every Back input[desktop]" classname="com.passvault.shared.navigation.BackPolicyTest" time="0.0"/>
  <testcase name="vault transient UI consumes Back in place[desktop]" classname="com.passvault.shared.navigation.BackPolicyTest" time="0.001"/>
  <testcase name="dirty editor handles Back locally before any pop[desktop]" classname="com.passvault.shared.navigation.BackPolicyTest" time="0.0"/>
  <testcase name="settings dialog handles Back but password mutation blocks it[desktop]" classname="com.passvault.shared.navigation.BackPolicyTest" time="0.002"/>
  <system-out><![CDATA[]]></system-out>
  <system-err><![CDATA[]]></system-err>
</testsuite>
