<?xml version="1.0" encoding="UTF-8"?>
<testsuite name="com.passvault.core.domain.model.TypedIdTest" tests="24" skipped="0" failures="0" errors="0" timestamp="2026-09-15T19:02:31.177Z" hostname="runnervmlun5p" time="0.01">
  <properties/>
  <testcase name="ids can be sorted" classname="com.passvault.core.domain.model.TypedIdTest" time="0.001"/>
  <testcase name="typed ids are not equal to strings" classname="com.passvault.core.domain.model.TypedIdTest" time="0.0"/>
  <testcase name="toString returns the value" classname="com.passvault.core.domain.model.TypedIdTest" time="0.001"/>
  <testcase name="credential id holds value" classname="com.passvault.core.domain.model.TypedIdTest" time="0.0"/>
  <testcase name="typed ids have consistent hashCode" classname="com.passvault.core.domain.model.TypedIdTest" time="0.0"/>
  <testcase name="special characters are valid in id" classname="com.passvault.core.domain.model.TypedIdTest" time="0.0"/>
  <testcase name="folder id holds value" classname="com.passvault.core.domain.model.TypedIdTest" time="0.0"/>
  <testcase name="ids can be used in sets" classname="com.passvault.core.domain.model.TypedIdTest" time="0.0"/>
  <testcase name="session id holds value" classname="com.passvault.core.domain.model.TypedIdTest" time="0.001"/>
  <testcase name="empty string is valid id" classname="com.passvault.core.domain.model.TypedIdTest" time="0.0"/>
  <testcase name="ids can be used as map keys" classname="com.passvault.core.domain.model.TypedIdTest" time="0.0"/>
  <testcase name="tag id holds value" classname="com.passvault.core.domain.model.TypedIdTest" time="0.001"/>
  <testcase name="different typed ids have different hashCodes usually" classname="com.passvault.core.domain.model.TypedIdTest" time="0.0"/>
  <testcase name="different id types are not equal" classname="com.passvault.core.domain.model.TypedIdTest" time="0.0"/>
  <testcase name="typed ids are value classes" classname="com.passvault.core.domain.model.TypedIdTest" time="0.001"/>
  <testcase name="folder ids implement TypedId" classname="com.passvault.core.domain.model.TypedIdTest" time="0.0"/>
  <testcase name="typed ids are equal by value" classname="com.passvault.core.domain.model.TypedIdTest" time="0.0"/>
  <testcase name="vault id holds value" classname="com.passvault.core.domain.model.TypedIdTest" time="0.001"/>
  <testcase name="attachment id holds value" classname="com.passvault.core.domain.model.TypedIdTest" time="0.0"/>
  <testcase name="uuid format is valid id" classname="com.passvault.core.domain.model.TypedIdTest" time="0.001"/>
  <testcase name="unicode is valid in id" classname="com.passvault.core.domain.model.TypedIdTest" time="0.0"/>
  <testcase name="typed ids are not equal when values differ" classname="com.passvault.core.domain.model.TypedIdTest" time="0.0"/>
  <testcase name="credential ids implement TypedId" classname="com.passvault.core.domain.model.TypedIdTest" time="0.001"/>
  <testcase name="custom field id holds value" classname="com.passvault.core.domain.model.TypedIdTest" time="0.0"/>
  <system-out><![CDATA[]]></system-out>
  <system-err><![CDATA[]]></system-err>
</testsuite>
