<?xml version="1.0" encoding="UTF-8"?>
<testsuite name="VaultLockFailureIntegrationTest[desktop]" tests="4" skipped="0" failures="0" errors="0" timestamp="2026-09-16T01:23:17.975Z" hostname="runnervmlun5p" time="0.924">
  <properties/>
  <testcase name="platform prompt cancellation failure cannot prevent vault locking[desktop]" classname="com.passvault.core.database.repository.VaultLockFailureIntegrationTest" time="0.231"/>
  <testcase name="lock cancels a platform prompt and its active session lease[desktop]" classname="com.passvault.core.database.repository.VaultLockFailureIntegrationTest" time="0.233"/>
  <testcase name="failed key wipe still removes the live key and reaches terminal locked state[desktop]" classname="com.passvault.core.database.repository.VaultLockFailureIntegrationTest" time="0.229"/>
  <testcase name="lock reaches locked state after the hard deadline when lease code suppresses cancellation[desktop]" classname="com.passvault.core.database.repository.VaultLockFailureIntegrationTest" time="0.23"/>
  <system-out><![CDATA[]]></system-out>
  <system-err><![CDATA[]]></system-err>
</testsuite>
