<?xml version="1.0" encoding="UTF-8"?>
<testsuite name="com.passvault.android.security.AndroidBiometricPromptCoordinatorTest" tests="6" skipped="0" failures="0" errors="0" timestamp="2026-09-15T15:38:19.370Z" hostname="runnervmlun5p" time="0.026">
  <properties/>
  <testcase name="lockBeforePromptRegistrationRejectsTheStaleOperation" classname="com.passvault.android.security.AndroidBiometricPromptCoordinatorTest" time="0.002"/>
  <testcase name="staleCallbackCannotCompleteANewerPrompt" classname="com.passvault.android.security.AndroidBiometricPromptCoordinatorTest" time="0.001"/>
  <testcase name="platformCancellationIsDispatchedAwayFromTheCallingThread" classname="com.passvault.android.security.AndroidBiometricPromptCoordinatorTest" time="0.001"/>
  <testcase name="activePromptCancellationIsDispatchedOnceAndMakesCallbacksStale" classname="com.passvault.android.security.AndroidBiometricPromptCoordinatorTest" time="0.001"/>
  <testcase name="concurrentProductionOperationsAreRejectedInsteadOfQueued" classname="com.passvault.android.security.AndroidBiometricPromptCoordinatorTest" time="0.02"/>
  <testcase name="operationCancellationClearsOnlyItsActivePrompt" classname="com.passvault.android.security.AndroidBiometricPromptCoordinatorTest" time="0.0"/>
  <system-out><![CDATA[]]></system-out>
  <system-err><![CDATA[]]></system-err>
</testsuite>
