<?xml version="1.0" encoding="UTF-8"?>
<testsuite name="com.passvault.android.lifecycle.AndroidScreenOffObserverTest" tests="2" skipped="0" failures="0" errors="0" timestamp="2026-09-15T15:38:19.358Z" hostname="runnervmlun5p" time="0.002">
  <properties/>
  <testcase name="failedRegistrationIsReportedAndCanBeRetried" classname="com.passvault.android.lifecycle.AndroidScreenOffObserverTest" time="0.002"/>
  <testcase name="observationIsIdempotentAndCanRestartAfterStop" classname="com.passvault.android.lifecycle.AndroidScreenOffObserverTest" time="0.0"/>
  <system-out><![CDATA[]]></system-out>
  <system-err><![CDATA[]]></system-err>
</testsuite>
