<?xml version="1.0" encoding="UTF-8"?>
<testsuite name="com.passvault.core.domain.repository.VaultLockRetryTest" tests="4" skipped="0" failures="0" errors="0" timestamp="2026-09-16T15:28:16.264Z" hostname="runnervmlun5p" time="0.065">
  <properties/>
  <testcase name="cancellation is never swallowed or retried" classname="com.passvault.core.domain.repository.VaultLockRetryTest" time="0.059"/>
  <testcase name="exhausted failures stop after the bounded attempt count" classname="com.passvault.core.domain.repository.VaultLockRetryTest" time="0.002"/>
  <testcase name="result failure is retried before reporting success" classname="com.passvault.core.domain.repository.VaultLockRetryTest" time="0.002"/>
  <testcase name="ordinary exception is retried without escaping the boundary" classname="com.passvault.core.domain.repository.VaultLockRetryTest" time="0.001"/>
  <system-out><![CDATA[]]></system-out>
  <system-err><![CDATA[]]></system-err>
</testsuite>
