<?xml version="1.0" encoding="UTF-8"?>
<testsuite name="com.passvault.core.domain.model.PasswordHealthTest" tests="12" skipped="0" failures="0" errors="0" timestamp="2026-09-16T15:28:16.144Z" hostname="runnervmlun5p" time="0.002">
  <properties/>
  <testcase name="unknown health has all flags false" classname="com.passvault.core.domain.model.PasswordHealthTest" time="0.0"/>
  <testcase name="health can indicate old password" classname="com.passvault.core.domain.model.PasswordHealthTest" time="0.0"/>
  <testcase name="password scores are comparable" classname="com.passvault.core.domain.model.PasswordHealthTest" time="0.0"/>
  <testcase name="health supports multiple issues" classname="com.passvault.core.domain.model.PasswordHealthTest" time="0.0"/>
  <testcase name="health copy preserves values" classname="com.passvault.core.domain.model.PasswordHealthTest" time="0.001"/>
  <testcase name="password score names are descriptive" classname="com.passvault.core.domain.model.PasswordHealthTest" time="0.0"/>
  <testcase name="health can have null ageDays when not old" classname="com.passvault.core.domain.model.PasswordHealthTest" time="0.0"/>
  <testcase name="health has total issue count" classname="com.passvault.core.domain.model.PasswordHealthTest" time="0.0"/>
  <testcase name="password score enum has correct order" classname="com.passvault.core.domain.model.PasswordHealthTest" time="0.0"/>
  <testcase name="health can indicate duplicate password" classname="com.passvault.core.domain.model.PasswordHealthTest" time="0.0"/>
  <testcase name="health can indicate weak password" classname="com.passvault.core.domain.model.PasswordHealthTest" time="0.0"/>
  <testcase name="health is data class with equals" classname="com.passvault.core.domain.model.PasswordHealthTest" time="0.001"/>
  <system-out><![CDATA[]]></system-out>
  <system-err><![CDATA[]]></system-err>
</testsuite>
