<?xml version="1.0" encoding="UTF-8"?>
<testsuite name="com.passvault.shared.navigation.NavigationKeyboardBackTest" tests="1" skipped="0" failures="0" errors="0" timestamp="2026-09-15T15:39:10.082Z" hostname="runnervmlun5p" time="0.002">
  <properties/>
  <testcase name="Escape and Back request application Back only on key down" classname="com.passvault.shared.navigation.NavigationKeyboardBackTest" time="0.002"/>
  <system-out><![CDATA[]]></system-out>
  <system-err><![CDATA[]]></system-err>
</testsuite>
