<?xml version="1.0" encoding="UTF-8"?>
<testsuite name="JnaDesktopBiometricBridgeTest[desktop]" tests="3" skipped="0" failures="0" errors="0" timestamp="2026-09-15T17:17:08.313Z" hostname="sat12-dp155-77c59785-d192-4ac9-9f35-a2cb2c443350-16C11C49CE09.local" time="0.071">
  <properties/>
  <testcase name="close cancels an active prompt and waits before destroying native context[desktop]" classname="com.passvault.desktop.security.biometric.JnaDesktopBiometricBridgeTest" time="0.002"/>
  <testcase name="close returns at its deadline and defers destruction when a native prompt ignores cancellation[desktop]" classname="com.passvault.desktop.security.biometric.JnaDesktopBiometricBridgeTest" time="0.066"/>
  <testcase name="pending cancellation is consumed before the next native prompt starts[desktop]" classname="com.passvault.desktop.security.biometric.JnaDesktopBiometricBridgeTest" time="0.002"/>
  <system-out><![CDATA[]]></system-out>
  <system-err><![CDATA[]]></system-err>
</testsuite>
