<?xml version="1.0" encoding="UTF-8"?>
<testsuite name="DesktopShutdownCoordinatorTest[desktop]" tests="6" skipped="0" failures="0" errors="0" timestamp="2026-09-15T17:17:07.973Z" hostname="sat12-dp155-77c59785-d192-4ac9-9f35-a2cb2c443350-16C11C49CE09.local" time="0.083">
  <properties/>
  <testcase name="database is closed even when vault locking reports failure[desktop]" classname="com.passvault.desktop.DesktopShutdownCoordinatorTest" time="0.071"/>
  <testcase name="duplicate close requests cannot duplicate cleanup or exit[desktop]" classname="com.passvault.desktop.DesktopShutdownCoordinatorTest" time="0.003"/>
  <testcase name="preview cleanup failure is reported without suppressing other boundaries[desktop]" classname="com.passvault.desktop.DesktopShutdownCoordinatorTest" time="0.002"/>
  <testcase name="close immediately exits the window and runs every cleanup boundary once[desktop]" classname="com.passvault.desktop.DesktopShutdownCoordinatorTest" time="0.002"/>
  <testcase name="non returning vault lock cannot hold the window open or suppress other cleanup[desktop]" classname="com.passvault.desktop.DesktopShutdownCoordinatorTest" time="0.003"/>
  <testcase name="window preparation runs synchronously on the close caller[desktop]" classname="com.passvault.desktop.DesktopShutdownCoordinatorTest" time="0.001"/>
  <system-out><![CDATA[]]></system-out>
  <system-err><![CDATA[]]></system-err>
</testsuite>
