<?xml version="1.0" encoding="UTF-8"?>
<testsuite name="CredentialResultOwnershipTest[desktop]" tests="5" skipped="0" failures="0" errors="0" timestamp="2026-09-15T09:12:42.649Z" hostname="runnervmlun5p" time="1.045">
  <properties/>
  <testcase name="health batch is wiped when cancellation rejects a completed session result[desktop]" classname="com.passvault.core.database.repository.CredentialResultOwnershipTest" time="0.192"/>
  <testcase name="ordinary post-result failure wipes credentials and health inputs[desktop]" classname="com.passvault.core.database.repository.CredentialResultOwnershipTest" time="0.201"/>
  <testcase name="successful delivery transfers live values to the consumer[desktop]" classname="com.passvault.core.database.repository.CredentialResultOwnershipTest" time="0.191"/>
  <testcase name="credential is wiped when cancellation rejects a completed session result[desktop]" classname="com.passvault.core.database.repository.CredentialResultOwnershipTest" time="0.201"/>
  <testcase name="real session lease release failure cannot abandon completed secret results[desktop]" classname="com.passvault.core.database.repository.CredentialResultOwnershipTest" time="0.26"/>
  <system-out><![CDATA[]]></system-out>
  <system-err><![CDATA[]]></system-err>
</testsuite>
