<?xml version="1.0" encoding="UTF-8"?>
<testsuite name="com.passvault.android.attachment.AndroidAttachmentPlaintextCleanupTest" tests="9" skipped="0" failures="0" errors="0" timestamp="2026-09-15T17:17:56.856Z" hostname="runnervmlun5p" time="0.082">
  <properties/>
  <testcase name="startupCleanupRemovesOnlyOwnedAttachmentPlaintextRoots" classname="com.passvault.android.attachment.AndroidAttachmentPlaintextCleanupTest" time="0.02"/>
  <testcase name="durableCleanupJobContractIsBoundedAndStable" classname="com.passvault.android.attachment.AndroidAttachmentPlaintextCleanupTest" time="0.001"/>
  <testcase name="durableCleanupDeletesOnlyItsExportLease" classname="com.passvault.android.attachment.AndroidAttachmentPlaintextCleanupTest" time="0.009"/>
  <testcase name="durableCleanupRejectsAnArbitraryPath" classname="com.passvault.android.attachment.AndroidAttachmentPlaintextCleanupTest" time="0.02"/>
  <testcase name="exportLeasePersistsCleanupBeforeCreatingPlaintext" classname="com.passvault.android.attachment.AndroidAttachmentPlaintextCleanupTest" time="0.024"/>
  <testcase name="durableCleanupDeletesOnlyItsPreviewLease" classname="com.passvault.android.attachment.AndroidAttachmentPlaintextCleanupTest" time="0.001"/>
  <testcase name="vaultLockStatesRequestPlaintextCleanup" classname="com.passvault.android.attachment.AndroidAttachmentPlaintextCleanupTest" time="0.002"/>
  <testcase name="exportLeaseFailsClosedBeforeCreatingAFileWhenSchedulingFails" classname="com.passvault.android.attachment.AndroidAttachmentPlaintextCleanupTest" time="0.001"/>
  <testcase name="startupCleanupDeletesCacheSymlinkWithoutFollowingIt" classname="com.passvault.android.attachment.AndroidAttachmentPlaintextCleanupTest" time="0.001"/>
  <system-out><![CDATA[]]></system-out>
  <system-err><![CDATA[]]></system-err>
</testsuite>
