<?xml version="1.0" encoding="UTF-8"?>
<testsuite name="com.passvault.core.crypto.Argon2Test" tests="8" skipped="0" failures="0" errors="0" timestamp="2026-09-15T09:29:16.665Z" hostname="runnervmlun5p" time="0.531">
  <properties/>
  <testcase name="derived key uses content equality and clears owned arrays" classname="com.passvault.core.crypto.Argon2Test" time="0.025"/>
  <testcase name="production Argon2 preserves the historical lowercase hex input" classname="com.passvault.core.crypto.Argon2Test" time="0.235"/>
  <testcase name="production Argon2 matches the established text password vector" classname="com.passvault.core.crypto.Argon2Test" time="0.041"/>
  <testcase name="production profiles match independent Argon2id reference vectors" classname="com.passvault.core.crypto.Argon2Test" time="0.224"/>
  <testcase name="lowercase hexadecimal KDF input is byte exact and always cleared" classname="com.passvault.core.crypto.Argon2Test" time="0.0"/>
  <testcase name="encrypted data uses content equality and clears every component" classname="com.passvault.core.crypto.Argon2Test" time="0.001"/>
  <testcase name="built-in profiles meet the supported minimum and increase monotonically" classname="com.passvault.core.crypto.Argon2Test" time="0.0"/>
  <testcase name="wrapped key compares byte-array contents" classname="com.passvault.core.crypto.Argon2Test" time="0.0"/>
  <system-out><![CDATA[]]></system-out>
  <system-err><![CDATA[SLF4J: No SLF4J providers were found.
SLF4J: Defaulting to no-operation (NOP) logger implementation
SLF4J: See http://www.slf4j.org/codes.html#noProviders for further details.
]]></system-err>
</testsuite>
