<?xml version="1.0" encoding="UTF-8"?>
<testsuite name="com.passvault.core.domain.model.SensitiveTextTest" tests="34" skipped="0" failures="0" errors="0" timestamp="2026-09-16T18:01:51.722Z" hostname="runnervmlun5p" time="0.038">
  <properties/>
  <testcase name="equals returns false for different type" classname="com.passvault.core.domain.model.SensitiveTextTest" time="0.0"/>
  <testcase name="two characters mask as two dots" classname="com.passvault.core.domain.model.SensitiveTextTest" time="0.0"/>
  <testcase name="mask works for exactly 6 characters" classname="com.passvault.core.domain.model.SensitiveTextTest" time="0.0"/>
  <testcase name="unicode characters counted correctly" classname="com.passvault.core.domain.model.SensitiveTextTest" time="0.0"/>
  <testcase name="create from char array" classname="com.passvault.core.domain.model.SensitiveTextTest" time="0.0"/>
  <testcase name="with exposed clears its temporary copy after completion" classname="com.passvault.core.domain.model.SensitiveTextTest" time="0.0"/>
  <testcase name="strict UTF-8 encoding matches Kotlin for every scalar width" classname="com.passvault.core.domain.model.SensitiveTextTest" time="0.007"/>
  <testcase name="mask shows dots for short value" classname="com.passvault.core.domain.model.SensitiveTextTest" time="0.0"/>
  <testcase name="isNotEmpty returns true for non-empty string" classname="com.passvault.core.domain.model.SensitiveTextTest" time="0.0"/>
  <testcase name="mask shows partial reveal for long value" classname="com.passvault.core.domain.model.SensitiveTextTest" time="0.004"/>
  <testcase name="toString masks content" classname="com.passvault.core.domain.model.SensitiveTextTest" time="0.0"/>
  <testcase name="equals returns true for same instance" classname="com.passvault.core.domain.model.SensitiveTextTest" time="0.0"/>
  <testcase name="isEmpty returns true for empty string" classname="com.passvault.core.domain.model.SensitiveTextTest" time="0.0"/>
  <testcase name="with exposed clears its temporary copy when the block throws" classname="com.passvault.core.domain.model.SensitiveTextTest" time="0.005"/>
  <testcase name="hashCode is consistent" classname="com.passvault.core.domain.model.SensitiveTextTest" time="0.0"/>
  <testcase name="create from byte array rejects malformed UTF-8" classname="com.passvault.core.domain.model.SensitiveTextTest" time="0.001"/>
  <testcase name="single character masks as single dot" classname="com.passvault.core.domain.model.SensitiveTextTest" time="0.0"/>
  <testcase name="expose returns copy" classname="com.passvault.core.domain.model.SensitiveTextTest" time="0.0"/>
  <testcase name="serialization fails closed instead of emitting a lossy marker" classname="com.passvault.core.domain.model.SensitiveTextTest" time="0.019"/>
  <testcase name="length returns correct size" classname="com.passvault.core.domain.model.SensitiveTextTest" time="0.0"/>
  <testcase name="clear wipes data" classname="com.passvault.core.domain.model.SensitiveTextTest" time="0.0"/>
  <testcase name="isEmpty returns false for non-empty string" classname="com.passvault.core.domain.model.SensitiveTextTest" time="0.0"/>
  <testcase name="empty string has zero length" classname="com.passvault.core.domain.model.SensitiveTextTest" time="0.0"/>
  <testcase name="single-line validation rejects controls without exposing the secret" classname="com.passvault.core.domain.model.SensitiveTextTest" time="0.0"/>
  <testcase name="strict UTF-8 encoding rejects malformed UTF-16" classname="com.passvault.core.domain.model.SensitiveTextTest" time="0.0"/>
  <testcase name="emojis counted as single characters" classname="com.passvault.core.domain.model.SensitiveTextTest" time="0.0"/>
  <testcase name="hashCode does not fingerprint different secret content" classname="com.passvault.core.domain.model.SensitiveTextTest" time="0.0"/>
  <testcase name="mask works for 7 characters" classname="com.passvault.core.domain.model.SensitiveTextTest" time="0.001"/>
  <testcase name="isNotEmpty returns false for empty string" classname="com.passvault.core.domain.model.SensitiveTextTest" time="0.0"/>
  <testcase name="toString does not reveal length" classname="com.passvault.core.domain.model.SensitiveTextTest" time="0.0"/>
  <testcase name="create from string" classname="com.passvault.core.domain.model.SensitiveTextTest" time="0.0"/>
  <testcase name="exposed array is independent" classname="com.passvault.core.domain.model.SensitiveTextTest" time="0.0"/>
  <testcase name="equals compares content" classname="com.passvault.core.domain.model.SensitiveTextTest" time="0.0"/>
  <testcase name="create from byte array" classname="com.passvault.core.domain.model.SensitiveTextTest" time="0.0"/>
  <system-out><![CDATA[]]></system-out>
  <system-err><![CDATA[]]></system-err>
</testsuite>
