<?xml version="1.0" encoding="UTF-8"?>
<testsuite name="DesktopBiometricNativeLoaderTest[desktop]" tests="7" skipped="0" failures="0" errors="0" timestamp="2026-09-15T09:30:20.084Z" hostname="iad20-fj917-f6d3281e-4872-45d6-898a-a4b5d70f032c-DE1F72C85D06.local" time="0.199">
  <properties/>
  <testcase name="installed runtime cannot be redirected to a development bridge[desktop]" classname="com.passvault.desktop.security.biometric.DesktopBiometricNativeLoaderTest" time="0.019"/>
  <testcase name="unsupported Linux remains explicitly unavailable without loading a bridge[desktop]" classname="com.passvault.desktop.security.biometric.DesktopBiometricNativeLoaderTest" time="0.006"/>
  <testcase name="coordinated Windows bridge and manifest tampering fails before native loading[desktop]" classname="com.passvault.desktop.security.biometric.DesktopBiometricNativeLoaderTest" time="0.014"/>
  <testcase name="packaged resource layout resolves native bridge without a development override[desktop]" classname="com.passvault.desktop.security.biometric.DesktopBiometricNativeLoaderTest" time="0.077"/>
  <testcase name="tampered bridge bytes fail before native loading[desktop]" classname="com.passvault.desktop.security.biometric.DesktopBiometricNativeLoaderTest" time="0.016"/>
  <testcase name="reviewed bridge loads with the expected ABI and platform capability[desktop]" classname="com.passvault.desktop.security.biometric.DesktopBiometricNativeLoaderTest" time="0.059"/>
  <testcase name="malformed bridge manifest fails before native loading[desktop]" classname="com.passvault.desktop.security.biometric.DesktopBiometricNativeLoaderTest" time="0.007"/>
  <system-out><![CDATA[]]></system-out>
  <system-err><![CDATA[]]></system-err>
</testsuite>
