<?xml version="1.0" encoding="UTF-8"?>
<testsuite name="OperatingSystemTest[desktop]" tests="2" skipped="0" failures="0" errors="0" timestamp="2026-09-15T09:30:19.697Z" hostname="iad20-fj917-f6d3281e-4872-45d6-898a-a4b5d70f032c-DE1F72C85D06.local" time="0.003">
  <properties/>
  <testcase name="unknownOrAbsentOperatingSystemNamesStayUnknown[desktop]" classname="com.passvault.desktop.OperatingSystemTest" time="0.003"/>
  <testcase name="recognizesSupportedJvmOperatingSystemNames[desktop]" classname="com.passvault.desktop.OperatingSystemTest" time="0.0"/>
  <system-out><![CDATA[]]></system-out>
  <system-err><![CDATA[]]></system-err>
</testsuite>
