<?xml version="1.0" encoding="UTF-8"?>
<testsuite name="DesktopShutdownCoordinatorTest[desktop]" tests="6" skipped="0" failures="0" errors="0" timestamp="2026-09-15T09:30:19.641Z" hostname="iad20-fj917-f6d3281e-4872-45d6-898a-a4b5d70f032c-DE1F72C85D06.local" time="0.053">
  <properties/>
  <testcase name="database is closed even when vault locking reports failure[desktop]" classname="com.passvault.desktop.DesktopShutdownCoordinatorTest" time="0.016"/>
  <testcase name="duplicate close requests cannot duplicate cleanup or exit[desktop]" classname="com.passvault.desktop.DesktopShutdownCoordinatorTest" time="0.006"/>
  <testcase name="preview cleanup failure is reported without suppressing other boundaries[desktop]" classname="com.passvault.desktop.DesktopShutdownCoordinatorTest" time="0.009"/>
  <testcase name="close immediately exits the window and runs every cleanup boundary once[desktop]" classname="com.passvault.desktop.DesktopShutdownCoordinatorTest" time="0.008"/>
  <testcase name="non returning vault lock cannot hold the window open or suppress other cleanup[desktop]" classname="com.passvault.desktop.DesktopShutdownCoordinatorTest" time="0.008"/>
  <testcase name="window preparation runs synchronously on the close caller[desktop]" classname="com.passvault.desktop.DesktopShutdownCoordinatorTest" time="0.004"/>
  <system-out><![CDATA[]]></system-out>
  <system-err><![CDATA[]]></system-err>
</testsuite>
