<?xml version="1.0" encoding="UTF-8"?>
<testsuite name="DesktopAttachmentPlaintextCleanupTest[desktop]" tests="11" skipped="0" failures="0" errors="0" timestamp="2026-09-15T09:30:19.704Z" hostname="iad20-fj917-f6d3281e-4872-45d6-898a-a4b5d70f032c-DE1F72C85D06.local" time="0.147">
  <properties/>
  <testcase name="leaving the unlocked session purges handed-off previews[desktop]" classname="com.passvault.desktop.attachment.DesktopAttachmentPlaintextCleanupTest" time="0.112"/>
  <testcase name="Windows preview paths receive one protected current-user ACL[desktop]" classname="com.passvault.desktop.attachment.DesktopAttachmentPlaintextCleanupTest" time="0.0"/>
  <testcase name="cleanupSkipsPreviewWhoseLiveProcessLockIsHeld[desktop]" classname="com.passvault.desktop.attachment.DesktopAttachmentPlaintextCleanupTest" time="0.004"/>
  <testcase name="preview expiry is bounded to one minute[desktop]" classname="com.passvault.desktop.attachment.DesktopAttachmentPlaintextCleanupTest" time="0.005"/>
  <testcase name="cleanupDoesNotDeleteAnUnownedPrefixLookalike[desktop]" classname="com.passvault.desktop.attachment.DesktopAttachmentPlaintextCleanupTest" time="0.002"/>
  <testcase name="Windows preview ACL grants only the current SID and protects inheritance[desktop]" classname="com.passvault.desktop.attachment.DesktopAttachmentPlaintextCleanupTest" time="0.003"/>
  <testcase name="cleanupDoesNotDeleteAValidOwnedNameWithUnknownRootEntries[desktop]" classname="com.passvault.desktop.attachment.DesktopAttachmentPlaintextCleanupTest" time="0.003"/>
  <testcase name="abandonedPreviewCleanupDoesNotFollowNestedSymbolicLinks[desktop]" classname="com.passvault.desktop.attachment.DesktopAttachmentPlaintextCleanupTest" time="0.004"/>
  <testcase name="cleanupRemovesAnInterruptedOwnedDirectoryBeforeLockCreation[desktop]" classname="com.passvault.desktop.attachment.DesktopAttachmentPlaintextCleanupTest" time="0.001"/>
  <testcase name="disabled preview manager rejects new plaintext without residue[desktop]" classname="com.passvault.desktop.attachment.DesktopAttachmentPlaintextCleanupTest" time="0.006"/>
  <testcase name="session purge closes an in-progress preview before deleting it[desktop]" classname="com.passvault.desktop.attachment.DesktopAttachmentPlaintextCleanupTest" time="0.005"/>
  <system-out><![CDATA[]]></system-out>
  <system-err><![CDATA[]]></system-err>
</testsuite>
