<?xml version="1.0" encoding="UTF-8"?>
<testsuite name="com.passvault.feature.health.presentation.PasswordHealthAnalyzerTest" tests="2" skipped="0" failures="0" errors="0" timestamp="2026-09-16T18:02:09.720Z" hostname="runnervmlun5p" time="0.004">
  <properties/>
  <testcase name="duplicate scan groups equal passwords without a plaintext hash" classname="com.passvault.feature.health.presentation.PasswordHealthAnalyzerTest" time="0.002"/>
  <testcase name="predictable password is scored through the buffer-native evaluator" classname="com.passvault.feature.health.presentation.PasswordHealthAnalyzerTest" time="0.0"/>
  <system-out><![CDATA[]]></system-out>
  <system-err><![CDATA[]]></system-err>
</testsuite>
