<?xml version="1.0" encoding="UTF-8"?>
<testsuite name="DesktopModuleTest[desktop]" tests="1" skipped="0" failures="0" errors="0" timestamp="2026-09-15T15:38:25.914Z" hostname="sjc22-bm211-c55078be-2b33-4193-9c86-dddc112a750b-9ADF74DD38F7.local" time="0.036">
  <properties/>
  <testcase name="window protection is a singleton[desktop]" classname="com.passvault.desktop.di.DesktopModuleTest" time="0.036"/>
  <system-out><![CDATA[]]></system-out>
  <system-err><![CDATA[]]></system-err>
</testsuite>
