<?xml version="1.0" encoding="UTF-8"?>
<testsuite name="DesktopBiometricNativeLoaderTest[desktop]" tests="7" skipped="0" failures="0" errors="0" timestamp="2026-09-15T15:38:26.125Z" hostname="sjc22-bm211-c55078be-2b33-4193-9c86-dddc112a750b-9ADF74DD38F7.local" time="0.106">
  <properties/>
  <testcase name="installed runtime cannot be redirected to a development bridge[desktop]" classname="com.passvault.desktop.security.biometric.DesktopBiometricNativeLoaderTest" time="0.014"/>
  <testcase name="unsupported Linux remains explicitly unavailable without loading a bridge[desktop]" classname="com.passvault.desktop.security.biometric.DesktopBiometricNativeLoaderTest" time="0.002"/>
  <testcase name="coordinated Windows bridge and manifest tampering fails before native loading[desktop]" classname="com.passvault.desktop.security.biometric.DesktopBiometricNativeLoaderTest" time="0.011"/>
  <testcase name="packaged resource layout resolves native bridge without a development override[desktop]" classname="com.passvault.desktop.security.biometric.DesktopBiometricNativeLoaderTest" time="0.05"/>
  <testcase name="tampered bridge bytes fail before native loading[desktop]" classname="com.passvault.desktop.security.biometric.DesktopBiometricNativeLoaderTest" time="0.01"/>
  <testcase name="reviewed bridge loads with the expected ABI and platform capability[desktop]" classname="com.passvault.desktop.security.biometric.DesktopBiometricNativeLoaderTest" time="0.014"/>
  <testcase name="malformed bridge manifest fails before native loading[desktop]" classname="com.passvault.desktop.security.biometric.DesktopBiometricNativeLoaderTest" time="0.005"/>
  <system-out><![CDATA[]]></system-out>
  <system-err><![CDATA[]]></system-err>
</testsuite>
