<?xml version="1.0" encoding="UTF-8"?>
<testsuite name="CredentialResultOwnershipTest[desktop]" tests="5" skipped="0" failures="0" errors="0" timestamp="2026-09-15T17:20:18.148Z" hostname="runnervmlun5p" time="1.283">
  <properties/>
  <testcase name="health batch is wiped when cancellation rejects a completed session result[desktop]" classname="com.passvault.core.database.repository.CredentialResultOwnershipTest" time="0.242"/>
  <testcase name="ordinary post-result failure wipes credentials and health inputs[desktop]" classname="com.passvault.core.database.repository.CredentialResultOwnershipTest" time="0.236"/>
  <testcase name="successful delivery transfers live values to the consumer[desktop]" classname="com.passvault.core.database.repository.CredentialResultOwnershipTest" time="0.238"/>
  <testcase name="credential is wiped when cancellation rejects a completed session result[desktop]" classname="com.passvault.core.database.repository.CredentialResultOwnershipTest" time="0.243"/>
  <testcase name="real session lease release failure cannot abandon completed secret results[desktop]" classname="com.passvault.core.database.repository.CredentialResultOwnershipTest" time="0.323"/>
  <system-out><![CDATA[]]></system-out>
  <system-err><![CDATA[]]></system-err>
</testsuite>
