<?xml version="1.0" encoding="UTF-8"?>
<testsuite name="NavigationBackCoordinatorTest[desktop]" tests="9" skipped="0" failures="0" errors="0" timestamp="2026-09-16T15:26:27.976Z" hostname="runnervmlun5p" time="0.21">
  <properties/>
  <testcase name="forward navigation obeys the active destination leave policy[desktop]" classname="com.passvault.shared.navigation.NavigationBackCoordinatorTest" time="0.03"/>
  <testcase name="authorized interactive completion pops once and rejects stale duplicate completion[desktop]" classname="com.passvault.shared.navigation.NavigationBackCoordinatorTest" time="0.171"/>
  <testcase name="in-place Back runs local cleanup exactly once without popping[desktop]" classname="com.passvault.shared.navigation.NavigationBackCoordinatorTest" time="0.002"/>
  <testcase name="policy composed while Face ID is inactive recovers when the host resumes[desktop]" classname="com.passvault.shared.navigation.NavigationBackCoordinatorTest" time="0.0"/>
  <testcase name="forward navigation fails closed until a guarded route registers its policy[desktop]" classname="com.passvault.shared.navigation.NavigationBackCoordinatorTest" time="0.0"/>
  <testcase name="blocked and in-place policies expose only the current entry to interactive Back[desktop]" classname="com.passvault.shared.navigation.NavigationBackCoordinatorTest" time="0.004"/>
  <testcase name="disposing an old registration cannot remove its replacement[desktop]" classname="com.passvault.shared.navigation.NavigationBackCoordinatorTest" time="0.001"/>
  <testcase name="application-root Back is not consumed[desktop]" classname="com.passvault.shared.navigation.NavigationBackCoordinatorTest" time="0.001"/>
  <testcase name="blocked Back neither reveals nor mutates the previous destination[desktop]" classname="com.passvault.shared.navigation.NavigationBackCoordinatorTest" time="0.0"/>
  <system-out><![CDATA[]]></system-out>
  <system-err><![CDATA[]]></system-err>
</testsuite>
