<?xml version="1.0" encoding="UTF-8"?>
<testsuite name="EntityTest[desktop]" tests="9" skipped="0" failures="0" errors="0" timestamp="2026-09-05T18:50:16.735Z" hostname="192.168.1.11" time="0.001">
  <properties/>
  <testcase name="credentialTagCrossRef_equalityWorks[desktop]" classname="com.passvault.core.database.EntityTest" time="0.0"/>
  <testcase name="passwordHistoryRecordEntity_equalityWorks[desktop]" classname="com.passvault.core.database.EntityTest" time="0.0"/>
  <testcase name="tagRecordEntity_equalityWorks[desktop]" classname="com.passvault.core.database.EntityTest" time="0.0"/>
  <testcase name="migrationStateEntity_equalityWorks[desktop]" classname="com.passvault.core.database.EntityTest" time="0.0"/>
  <testcase name="attachmentRecordEntity_equalityWorks[desktop]" classname="com.passvault.core.database.EntityTest" time="0.0"/>
  <testcase name="folderRecordEntity_equalityWorks[desktop]" classname="com.passvault.core.database.EntityTest" time="0.0"/>
  <testcase name="credentialRecordEntity_equalityWorks[desktop]" classname="com.passvault.core.database.EntityTest" time="0.0"/>
  <testcase name="currentVersionInfoEntity_equalityWorks[desktop]" classname="com.passvault.core.database.EntityTest" time="0.0"/>
  <testcase name="credentialRecordEntity_differentIdsNotEqual[desktop]" classname="com.passvault.core.database.EntityTest" time="0.0"/>
  <system-out><![CDATA[]]></system-out>
  <system-err><![CDATA[]]></system-err>
</testsuite>
