<?xml version="1.0" encoding="UTF-8"?>
<testsuite name="AttachmentStorageProviderDesktopTest[desktop]" tests="2" skipped="0" failures="0" errors="0" timestamp="2026-09-15T19:00:38.838Z" hostname="runnervmlun5p" time="0.044">
  <properties/>
  <testcase name="attachment storage children use the host private-access mechanism[desktop]" classname="com.passvault.shared.di.AttachmentStorageProviderDesktopTest" time="0.04"/>
  <testcase name="existing POSIX attachment children are repaired to owner-only access[desktop]" classname="com.passvault.shared.di.AttachmentStorageProviderDesktopTest" time="0.004"/>
  <system-out><![CDATA[]]></system-out>
  <system-err><![CDATA[]]></system-err>
</testsuite>
