<?xml version="1.0" encoding="UTF-8"?>
<testsuite name="VaultDatabaseBootstrapTest[desktop]" tests="11" skipped="0" failures="0" errors="0" timestamp="2026-09-15T07:55:58.419Z" hostname="runnervmlun5p" time="0.267">
  <properties/>
  <testcase name="damage introduced while Room opens is caught by the second gate[desktop]" classname="com.passvault.core.database.VaultDatabaseBootstrapTest" time="0.056"/>
  <testcase name="a complete WAL bundle is accepted and its committed content is visible[desktop]" classname="com.passvault.core.database.VaultDatabaseBootstrapTest" time="0.016"/>
  <testcase name="claiming Room after a preflight failure revokes preservation eligibility[desktop]" classname="com.passvault.core.database.VaultDatabaseBootstrapTest" time="0.019"/>
  <testcase name="damaged leaf is detected before Room and preserved byte for byte[desktop]" classname="com.passvault.core.database.VaultDatabaseBootstrapTest" time="0.038"/>
  <testcase name="missing sidecars after a clean close do not imply corruption[desktop]" classname="com.passvault.core.database.VaultDatabaseBootstrapTest" time="0.016"/>
  <testcase name="terminal close checkpoints committed WAL frames before releasing Room[desktop]" classname="com.passvault.core.database.VaultDatabaseBootstrapTest" time="0.018"/>
  <testcase name="Room cannot be constructed while recovery owns filesystem replacement[desktop]" classname="com.passvault.core.database.VaultDatabaseBootstrapTest" time="0.015"/>
  <testcase name="bad header and truncated page are classified without recreating either file[desktop]" classname="com.passvault.core.database.VaultDatabaseBootstrapTest" time="0.018"/>
  <testcase name="a failed Room factory cannot regain file replacement authority on retry[desktop]" classname="com.passvault.core.database.VaultDatabaseBootstrapTest" time="0.018"/>
  <testcase name="migration failure stays unavailable and rolls back without corruption recovery[desktop]" classname="com.passvault.core.database.VaultDatabaseBootstrapTest" time="0.042"/>
  <testcase name="fresh and existing databases pass both health gates[desktop]" classname="com.passvault.core.database.VaultDatabaseBootstrapTest" time="0.011"/>
  <system-out><![CDATA[]]></system-out>
  <system-err><![CDATA[]]></system-err>
</testsuite>
