<?xml version="1.0" encoding="UTF-8"?>
<testsuite name="DesktopFocusLossLockPolicyTest[desktop]" tests="6" skipped="0" failures="0" errors="0" timestamp="2026-09-15T17:13:18.870Z" hostname="sat12-dp155-77c59785-d192-4ac9-9f35-a2cb2c443350-16C11C49CE09.local" time="0.002">
  <properties/>
  <testcase name="ending suppression enforces an already exhausted focus loss budget[desktop]" classname="com.passvault.desktop.security.DesktopFocusLossLockPolicyTest" time="0.001"/>
  <testcase name="active biometric suppression cannot exceed its absolute deadline[desktop]" classname="com.passvault.desktop.security.DesktopFocusLossLockPolicyTest" time="0.0"/>
  <testcase name="configuration does not lock before an external focus loss[desktop]" classname="com.passvault.desktop.security.DesktopFocusLossLockPolicyTest" time="0.0"/>
  <testcase name="separate focus losses consume one cumulative budget[desktop]" classname="com.passvault.desktop.security.DesktopFocusLossLockPolicyTest" time="0.0"/>
  <testcase name="disabling focus locking clears elapsed time from the prior session[desktop]" classname="com.passvault.desktop.security.DesktopFocusLossLockPolicyTest" time="0.0"/>
  <testcase name="focused time does not consume the focus loss budget[desktop]" classname="com.passvault.desktop.security.DesktopFocusLossLockPolicyTest" time="0.0"/>
  <system-out><![CDATA[]]></system-out>
  <system-err><![CDATA[]]></system-err>
</testsuite>
