<?xml version="1.0" encoding="UTF-8"?>
<testsuite name="DesktopClipboardServiceTest[desktop]" tests="7" skipped="0" failures="0" errors="0" timestamp="2026-09-15T17:13:15.570Z" hostname="sat12-dp155-77c59785-d192-4ac9-9f35-a2cb2c443350-16C11C49CE09.local" time="3.297">
  <properties/>
  <testcase name="failed replacement preserves prior sensitive ownership[desktop]" classname="com.passvault.desktop.security.DesktopClipboardServiceTest" time="0.487"/>
  <testcase name="macos sensitive hints use exact pasteboard type mappings[desktop]" classname="com.passvault.desktop.security.DesktopClipboardServiceTest" time="0.01"/>
  <testcase name="cancellation after native write still installs sensitive ownership[desktop]" classname="com.passvault.desktop.security.DesktopClipboardServiceTest" time="0.002"/>
  <testcase name="windows sensitive copy publishes all native retention opt outs only for secrets[desktop]" classname="com.passvault.desktop.security.DesktopClipboardServiceTest" time="0.001"/>
  <testcase name="macos system clipboard receives concealed and transient types[desktop]" classname="com.passvault.desktop.security.DesktopClipboardServiceTest" time="2.796"/>
  <testcase name="production flavor registration preserves exact native names[desktop]" classname="com.passvault.desktop.security.DesktopClipboardServiceTest" time="0.0"/>
  <testcase name="windows system clipboard receives retention formats with zero DWORD values[desktop]" classname="com.passvault.desktop.security.DesktopClipboardServiceTest" time="0.001"/>
  <system-out><![CDATA[]]></system-out>
  <system-err><![CDATA[]]></system-err>
</testsuite>
