<?xml version="1.0" encoding="UTF-8"?>
<testsuite name="DesktopBiometricPromptCoordinatorTest[desktop]" tests="1" skipped="0" failures="0" errors="0" timestamp="2026-09-16T18:00:32.003Z" hostname="sat12-dp152-114d58e3-54a8-4ec3-ae36-d4e55089c489-2E67230847F5.local" time="0.002">
  <properties/>
  <testcase name="prompt coordination is active only for the native prompt lifetime[desktop]" classname="com.passvault.desktop.security.biometric.DesktopBiometricPromptCoordinatorTest" time="0.001"/>
  <system-out><![CDATA[]]></system-out>
  <system-err><![CDATA[]]></system-err>
</testsuite>
