<?xml version="1.0" encoding="UTF-8"?>
<testsuite name="com.passvault.core.navigation.SceneStrategiesTest" tests="2" skipped="0" failures="0" errors="0" timestamp="2026-09-15T15:40:32.727Z" hostname="runnervmlun5p" time="0.003">
  <properties/>
  <testcase name="application routes require an unlocked vault" classname="com.passvault.core.navigation.SceneStrategiesTest" time="0.003"/>
  <testcase name="authentication routes remain available while locked" classname="com.passvault.core.navigation.SceneStrategiesTest" time="0.0"/>
  <system-out><![CDATA[]]></system-out>
  <system-err><![CDATA[]]></system-err>
</testsuite>
