<?xml version="1.0" encoding="UTF-8"?>
<testsuite name="BackupOutputOwnershipTest[desktop]" tests="2" skipped="0" failures="0" errors="0" timestamp="2026-09-15T17:20:59.619Z" hostname="runnervmlun5p" time="0.125">
  <properties/>
  <testcase name="successful commit still releases caller ownership with abort[desktop]" classname="com.passvault.feature.backup.presentation.BackupOutputOwnershipTest" time="0.116"/>
  <testcase name="cancellation before service ownership aborts the created sink[desktop]" classname="com.passvault.feature.backup.presentation.BackupOutputOwnershipTest" time="0.006"/>
  <system-out><![CDATA[]]></system-out>
  <system-err><![CDATA[]]></system-err>
</testsuite>
