<?xml version="1.0" encoding="UTF-8"?>
<testsuite name="RepositorySecurityIntegrationTest[desktop]" tests="17" skipped="0" failures="0" errors="0" timestamp="2026-09-15T06:04:40.764Z" hostname="(none)" time="5.062">
  <properties/>
  <testcase name="credential and password history payloads hide exact plaintext length in buckets[desktop]" classname="com.passvault.core.database.repository.RepositorySecurityIntegrationTest" time="0.299"/>
  <testcase name="deleting a folder keeps its credentials and moves them to root[desktop]" classname="com.passvault.core.database.repository.RepositorySecurityIntegrationTest" time="0.316"/>
  <testcase name="legacy credential payloads decrypt and are padded on the next save[desktop]" classname="com.passvault.core.database.repository.RepositorySecurityIntegrationTest" time="0.28"/>
  <testcase name="vault created by an older version with a weak password remains unlockable[desktop]" classname="com.passvault.core.database.repository.RepositorySecurityIntegrationTest" time="0.513"/>
  <testcase name="tag edits preserve creation time and credential references[desktop]" classname="com.passvault.core.database.repository.RepositorySecurityIntegrationTest" time="0.285"/>
  <testcase name="vault creation rejects a master password outside the shared policy[desktop]" classname="com.passvault.core.database.repository.RepositorySecurityIntegrationTest" time="0.003"/>
  <testcase name="unlock normalizes the authenticated duplicated-tag envelope written by legacy builds[desktop]" classname="com.passvault.core.database.repository.RepositorySecurityIntegrationTest" time="0.38"/>
  <testcase name="vault creation rejects a predictable policy-length password without persistence[desktop]" classname="com.passvault.core.database.repository.RepositorySecurityIntegrationTest" time="0.003"/>
  <testcase name="credential payload is encrypted, lossless, and uses fresh nonces[desktop]" classname="com.passvault.core.database.repository.RepositorySecurityIntegrationTest" time="0.293"/>
  <testcase name="master password change rejects a predictable replacement without changing the vault[desktop]" classname="com.passvault.core.database.repository.RepositorySecurityIntegrationTest" time="0.416"/>
  <testcase name="real vault lifecycle rejects wrong password and blocks reads while locked[desktop]" classname="com.passvault.core.database.repository.RepositorySecurityIntegrationTest" time="0.496"/>
  <testcase name="legacy password history remains readable[desktop]" classname="com.passvault.core.database.repository.RepositorySecurityIntegrationTest" time="0.28"/>
  <testcase name="tampered credential ciphertext is rejected without plaintext fallback[desktop]" classname="com.passvault.core.database.repository.RepositorySecurityIntegrationTest" time="0.283"/>
  <testcase name="unlock rejects a non-exact wrapped VEK envelope[desktop]" classname="com.passvault.core.database.repository.RepositorySecurityIntegrationTest" time="0.303"/>
  <testcase name="padded credential framing tamper fails closed[desktop]" classname="com.passvault.core.database.repository.RepositorySecurityIntegrationTest" time="0.311"/>
  <testcase name="health analysis does not decrypt unrelated attachment or password history secrets[desktop]" classname="com.passvault.core.database.repository.RepositorySecurityIntegrationTest" time="0.287"/>
  <testcase name="credential edits preserve relations attachments history and reset password health[desktop]" classname="com.passvault.core.database.repository.RepositorySecurityIntegrationTest" time="0.313"/>
  <system-out><![CDATA[]]></system-out>
  <system-err><![CDATA[]]></system-err>
</testsuite>
