<?xml version="1.0" encoding="UTF-8"?>
<testsuite name="TwoFactorCodesViewModelTest[desktop]" tests="6" skipped="0" failures="0" errors="0" timestamp="2026-09-15T17:21:20.592Z" hostname="runnervmlun5p" time="0.224">
  <properties/>
  <testcase name="hiding screen cancels ticker clears rows and wipes repository seed copy[desktop]" classname="com.passvault.feature.vault.presentation.TwoFactorCodesViewModelTest" time="0.139"/>
  <testcase name="refresh wipes a superseded leased batch and retains only the replacement[desktop]" classname="com.passvault.feature.vault.presentation.TwoFactorCodesViewModelTest" time="0.008"/>
  <testcase name="copy emits current code once and reports result[desktop]" classname="com.passvault.feature.vault.presentation.TwoFactorCodesViewModelTest" time="0.044"/>
  <testcase name="lock after production but before handoff wipes the leased seed[desktop]" classname="com.passvault.feature.vault.presentation.TwoFactorCodesViewModelTest" time="0.002"/>
  <testcase name="visible screen lists only credentials with authenticators and updates at period boundary[desktop]" classname="com.passvault.feature.vault.presentation.TwoFactorCodesViewModelTest" time="0.004"/>
  <testcase name="repository failure exposes retry state without stale rows[desktop]" classname="com.passvault.feature.vault.presentation.TwoFactorCodesViewModelTest" time="0.022"/>
  <system-out><![CDATA[]]></system-out>
  <system-err><![CDATA[]]></system-err>
</testsuite>
