<?xml version="1.0" encoding="UTF-8"?>
<testsuite name="DesktopBiometricPromptCoordinatorTest[desktop]" tests="1" skipped="0" failures="0" errors="0" timestamp="2026-09-15T09:28:31.898Z" hostname="runnervmvmocb" time="0.003">
  <properties/>
  <testcase name="prompt coordination is active only for the native prompt lifetime[desktop]" classname="com.passvault.desktop.security.biometric.DesktopBiometricPromptCoordinatorTest" time="0.003"/>
  <system-out><![CDATA[]]></system-out>
  <system-err><![CDATA[]]></system-err>
</testsuite>
