<?xml version="1.0" encoding="UTF-8"?>
<testsuite name="DesktopBiometricNativeLoaderTest[desktop]" tests="7" skipped="0" failures="0" errors="0" timestamp="2026-09-15T09:28:31.814Z" hostname="runnervmvmocb" time="0.082">
  <properties/>
  <testcase name="installed runtime cannot be redirected to a development bridge[desktop]" classname="com.passvault.desktop.security.biometric.DesktopBiometricNativeLoaderTest" time="0.005"/>
  <testcase name="unsupported Linux remains explicitly unavailable without loading a bridge[desktop]" classname="com.passvault.desktop.security.biometric.DesktopBiometricNativeLoaderTest" time="0.001"/>
  <testcase name="coordinated Windows bridge and manifest tampering fails before native loading[desktop]" classname="com.passvault.desktop.security.biometric.DesktopBiometricNativeLoaderTest" time="0.012"/>
  <testcase name="packaged resource layout resolves native bridge without a development override[desktop]" classname="com.passvault.desktop.security.biometric.DesktopBiometricNativeLoaderTest" time="0.021"/>
  <testcase name="tampered bridge bytes fail before native loading[desktop]" classname="com.passvault.desktop.security.biometric.DesktopBiometricNativeLoaderTest" time="0.017"/>
  <testcase name="reviewed bridge loads with the expected ABI and platform capability[desktop]" classname="com.passvault.desktop.security.biometric.DesktopBiometricNativeLoaderTest" time="0.02"/>
  <testcase name="malformed bridge manifest fails before native loading[desktop]" classname="com.passvault.desktop.security.biometric.DesktopBiometricNativeLoaderTest" time="0.005"/>
  <system-out><![CDATA[]]></system-out>
  <system-err><![CDATA[]]></system-err>
</testsuite>
