<?xml version="1.0" encoding="UTF-8"?>
<testsuite name="CredentialSensitiveValuesTest[desktop]" tests="1" skipped="0" failures="0" errors="0" timestamp="2026-09-15T08:32:14.277Z" hostname="runnervmlun5p" time="0.04">
  <properties/>
  <testcase name="clear sensitive values wipes every credential-owned secret and is idempotent[desktop]" classname="com.passvault.core.domain.model.CredentialSensitiveValuesTest" time="0.037"/>
  <system-out><![CDATA[]]></system-out>
  <system-err><![CDATA[]]></system-err>
</testsuite>
