<?xml version="1.0" encoding="UTF-8"?>
<testsuite name="CredentialTest[desktop]" tests="26" skipped="0" failures="0" errors="0" timestamp="2026-09-15T08:32:14.324Z" hostname="runnervmlun5p" time="0.032">
  <properties/>
  <testcase name="credential type can be api key[desktop]" classname="com.passvault.core.domain.model.CredentialTest" time="0.001"/>
  <testcase name="url value handles url without www[desktop]" classname="com.passvault.core.domain.model.CredentialTest" time="0.009"/>
  <testcase name="credential type can be secure note[desktop]" classname="com.passvault.core.domain.model.CredentialTest" time="0.001"/>
  <testcase name="credential can have attachments[desktop]" classname="com.passvault.core.domain.model.CredentialTest" time="0.006"/>
  <testcase name="url value extracts host correctly[desktop]" classname="com.passvault.core.domain.model.CredentialTest" time="0.0"/>
  <testcase name="credential can have password history[desktop]" classname="com.passvault.core.domain.model.CredentialTest" time="0.0"/>
  <testcase name="credential type can be identity[desktop]" classname="com.passvault.core.domain.model.CredentialTest" time="0.001"/>
  <testcase name="credential type can be login[desktop]" classname="com.passvault.core.domain.model.CredentialTest" time="0.0"/>
  <testcase name="url value accepts bounded HTTP authorities[desktop]" classname="com.passvault.core.domain.model.CredentialTest" time="0.003"/>
  <testcase name="credential can have folder[desktop]" classname="com.passvault.core.domain.model.CredentialTest" time="0.0"/>
  <testcase name="credential type can be payment card[desktop]" classname="com.passvault.core.domain.model.CredentialTest" time="0.001"/>
  <testcase name="url value returns null for invalid url[desktop]" classname="com.passvault.core.domain.model.CredentialTest" time="0.0"/>
  <testcase name="credential tracks timestamps[desktop]" classname="com.passvault.core.domain.model.CredentialTest" time="0.001"/>
  <testcase name="credential can hold one TOTP configuration[desktop]" classname="com.passvault.core.domain.model.CredentialTest" time="0.0"/>
  <testcase name="credential type can be license key[desktop]" classname="com.passvault.core.domain.model.CredentialTest" time="0.001"/>
  <testcase name="credential has all required fields[desktop]" classname="com.passvault.core.domain.model.CredentialTest" time="0.0"/>
  <testcase name="credential type can be custom[desktop]" classname="com.passvault.core.domain.model.CredentialTest" time="0.001"/>
  <testcase name="credential can be favorited[desktop]" classname="com.passvault.core.domain.model.CredentialTest" time="0.0"/>
  <testcase name="credential can have custom fields[desktop]" classname="com.passvault.core.domain.model.CredentialTest" time="0.0"/>
  <testcase name="credential type can be recovery codes[desktop]" classname="com.passvault.core.domain.model.CredentialTest" time="0.001"/>
  <testcase name="url value rejects ambiguous or malformed authorities[desktop]" classname="com.passvault.core.domain.model.CredentialTest" time="0.001"/>
  <testcase name="credential can have tags[desktop]" classname="com.passvault.core.domain.model.CredentialTest" time="0.002"/>
  <testcase name="credential can have urls[desktop]" classname="com.passvault.core.domain.model.CredentialTest" time="0.0"/>
  <testcase name="credential type can be wifi credential[desktop]" classname="com.passvault.core.domain.model.CredentialTest" time="0.001"/>
  <testcase name="credential id is typed[desktop]" classname="com.passvault.core.domain.model.CredentialTest" time="0.0"/>
  <testcase name="credential summary contains essential fields[desktop]" classname="com.passvault.core.domain.model.CredentialTest" time="0.002"/>
  <system-out><![CDATA[]]></system-out>
  <system-err><![CDATA[]]></system-err>
</testsuite>
