<?xml version="1.0" encoding="UTF-8"?>
<testsuite name="EntrySensitiveStateRegistrationTest[desktop]" tests="2" skipped="0" failures="0" errors="0" timestamp="2026-09-15T09:11:31.195Z" hostname="runnervmlun5p" time="0.091">
  <properties/>
  <testcase name="view model store teardown unregisters entry lock cleanup[desktop]" classname="com.passvault.shared.di.EntrySensitiveStateRegistrationTest" time="0.022"/>
  <testcase name="two factor factory registers synchronous seed cleanup[desktop]" classname="com.passvault.shared.di.EntrySensitiveStateRegistrationTest" time="0.069"/>
  <system-out><![CDATA[]]></system-out>
  <system-err><![CDATA[]]></system-err>
</testsuite>
