<?xml version="1.0" encoding="UTF-8"?>
<testsuite name="DesktopBackupFileStoreTest[desktop]" tests="6" skipped="0" failures="0" errors="0" timestamp="2026-09-16T15:26:58.549Z" hostname="runnervmvmocb" time="0.025">
  <properties/>
  <testcase name="safe file names preserve normal names[desktop]" classname="com.passvault.desktop.backup.DesktopBackupFileStoreTest" time="0.002"/>
  <testcase name="unsafe file names use a neutral fallback[desktop]" classname="com.passvault.desktop.backup.DesktopBackupFileStoreTest" time="0.0"/>
  <testcase name="abort removes a temporary even when its caller is cancelled[desktop]" classname="com.passvault.desktop.backup.DesktopBackupFileStoreTest" time="0.007"/>
  <testcase name="commit moves the temporary and later abort preserves the destination[desktop]" classname="com.passvault.desktop.backup.DesktopBackupFileStoreTest" time="0.007"/>
  <testcase name="cancellation during output handoff removes the unclaimed temporary[desktop]" classname="com.passvault.desktop.backup.DesktopBackupFileStoreTest" time="0.007"/>
  <testcase name="overlong file names use a neutral fallback[desktop]" classname="com.passvault.desktop.backup.DesktopBackupFileStoreTest" time="0.001"/>
  <system-out><![CDATA[]]></system-out>
  <system-err><![CDATA[]]></system-err>
</testsuite>
