<?xml version="1.0" encoding="UTF-8"?>
<testsuite name="ThemeColorSchemeTest[desktop]" tests="3" skipped="0" failures="0" errors="0" timestamp="2026-09-15T15:40:22.636Z" hostname="runnervmlun5p" time="0.045">
  <properties/>
  <testcase name="everyAccentHasDistinctLightAndDarkPrimaryColors[desktop]" classname="com.passvault.core.designsystem.theme.ThemeColorSchemeTest" time="0.036"/>
  <testcase name="darkThemeUsesPureBlackCanvasForEveryAccent[desktop]" classname="com.passvault.core.designsystem.theme.ThemeColorSchemeTest" time="0.0"/>
  <testcase name="accentTextRolesMeetReadableContrast[desktop]" classname="com.passvault.core.designsystem.theme.ThemeColorSchemeTest" time="0.006"/>
  <system-out><![CDATA[]]></system-out>
  <system-err><![CDATA[]]></system-err>
</testsuite>
