<?xml version="1.0" encoding="UTF-8"?>
<testsuite name="JnaDesktopBiometricBridgeTest[desktop]" tests="3" skipped="0" failures="0" errors="0" timestamp="2026-09-16T01:17:06.949Z" hostname="runnervmlun5p" time="0.067">
  <properties/>
  <testcase name="close cancels an active prompt and waits before destroying native context[desktop]" classname="com.passvault.desktop.security.biometric.JnaDesktopBiometricBridgeTest" time="0.04"/>
  <testcase name="close returns at its deadline and defers destruction when a native prompt ignores cancellation[desktop]" classname="com.passvault.desktop.security.biometric.JnaDesktopBiometricBridgeTest" time="0.026"/>
  <testcase name="pending cancellation is consumed before the next native prompt starts[desktop]" classname="com.passvault.desktop.security.biometric.JnaDesktopBiometricBridgeTest" time="0.001"/>
  <system-out><![CDATA[]]></system-out>
  <system-err><![CDATA[]]></system-err>
</testsuite>
