<?xml version="1.0" encoding="UTF-8"?>
<testsuite name="com.passvault.feature.backup.presentation.BackupOutputOwnershipTest" tests="2" skipped="0" failures="0" errors="0" timestamp="2026-09-16T18:02:02.975Z" hostname="runnervmlun5p" time="0.093">
  <properties/>
  <testcase name="successful commit still releases caller ownership with abort" classname="com.passvault.feature.backup.presentation.BackupOutputOwnershipTest" time="0.087"/>
  <testcase name="cancellation before service ownership aborts the created sink" classname="com.passvault.feature.backup.presentation.BackupOutputOwnershipTest" time="0.004"/>
  <system-out><![CDATA[]]></system-out>
  <system-err><![CDATA[]]></system-err>
</testsuite>
