<?xml version="1.0" encoding="UTF-8"?>
<testsuite name="com.passvault.feature.backup.presentation.BackupPasswordUnicodeTest" tests="7" skipped="0" failures="0" errors="0" timestamp="2026-09-16T18:02:03.071Z" hostname="runnervmlun5p" time="0.023">
  <properties/>
  <testcase name="every active operation blocks export and restore actions" classname="com.passvault.feature.backup.presentation.BackupPasswordUnicodeTest" time="0.001"/>
  <testcase name="restore capacity failures have an actionable localized message" classname="com.passvault.feature.backup.presentation.BackupPasswordUnicodeTest" time="0.018"/>
  <testcase name="reused master password has a dedicated export error" classname="com.passvault.feature.backup.presentation.BackupPasswordUnicodeTest" time="0.001"/>
  <testcase name="legacy import accepts a password within the code point maximum" classname="com.passvault.feature.backup.presentation.BackupPasswordUnicodeTest" time="0.001"/>
  <testcase name="supplementary characters count as one new backup password character" classname="com.passvault.feature.backup.presentation.BackupPasswordUnicodeTest" time="0.0"/>
  <testcase name="temporary import ownership follows whether a failed restore still has a retry path" classname="com.passvault.feature.backup.presentation.BackupPasswordUnicodeTest" time="0.0"/>
  <testcase name="overlong backup passwords cannot export or import" classname="com.passvault.feature.backup.presentation.BackupPasswordUnicodeTest" time="0.002"/>
  <system-out><![CDATA[]]></system-out>
  <system-err><![CDATA[]]></system-err>
</testsuite>
