<?xml version="1.0" encoding="UTF-8"?>
<testsuite name="VaultMasterPasswordMatcherIntegrationTest[desktop]" tests="4" skipped="0" failures="0" errors="0" timestamp="2026-09-15T18:42:49.907Z" hostname="runnervmlun5p" time="1.306">
  <properties/>
  <testcase name="master password matcher clears candidate derivation material[desktop]" classname="com.passvault.core.database.repository.VaultMasterPasswordMatcherIntegrationTest" time="0.381"/>
  <testcase name="master password matcher propagates non authentication crypto failures[desktop]" classname="com.passvault.core.database.repository.VaultMasterPasswordMatcherIntegrationTest" time="0.311"/>
  <testcase name="master password matcher is exact and unavailable while locked[desktop]" classname="com.passvault.core.database.repository.VaultMasterPasswordMatcherIntegrationTest" time="0.384"/>
  <testcase name="cancelling master password matching releases its session lease[desktop]" classname="com.passvault.core.database.repository.VaultMasterPasswordMatcherIntegrationTest" time="0.229"/>
  <system-out><![CDATA[]]></system-out>
  <system-err><![CDATA[]]></system-err>
</testsuite>
