<?xml version="1.0" encoding="UTF-8"?>
<testsuite name="com.passvault.core.domain.model.PasswordStrengthCalculatorTest" tests="13" skipped="0" failures="0" errors="0" timestamp="2026-09-15T09:30:56.504Z" hostname="runnervmlun5p" time="0.008">
  <properties/>
  <testcase name="sequential characters are weak" classname="com.passvault.core.domain.model.PasswordStrengthCalculatorTest" time="0.001"/>
  <testcase name="common human password patterns remain below acceptance gates" classname="com.passvault.core.domain.model.PasswordStrengthCalculatorTest" time="0.001"/>
  <testcase name="length outweighs character classes for otherwise unpredictable passwords" classname="com.passvault.core.domain.model.PasswordStrengthCalculatorTest" time="0.001"/>
  <testcase name="adding distinct unpredictable characters does not reduce strength" classname="com.passvault.core.domain.model.PasswordStrengthCalculatorTest" time="0.002"/>
  <testcase name="empty password is very weak" classname="com.passvault.core.domain.model.PasswordStrengthCalculatorTest" time="0.0"/>
  <testcase name="long password with all types is very strong" classname="com.passvault.core.domain.model.PasswordStrengthCalculatorTest" time="0.001"/>
  <testcase name="very short password is very weak" classname="com.passvault.core.domain.model.PasswordStrengthCalculatorTest" time="0.0"/>
  <testcase name="surrogate pairs do not inflate password length or uniqueness" classname="com.passvault.core.domain.model.PasswordStrengthCalculatorTest" time="0.001"/>
  <testcase name="long passwords can reach the top band without composition rules" classname="com.passvault.core.domain.model.PasswordStrengthCalculatorTest" time="0.0"/>
  <testcase name="repeated characters and short blocks are very weak" classname="com.passvault.core.domain.model.PasswordStrengthCalculatorTest" time="0.001"/>
  <testcase name="common leetspeak password is not reported as strong" classname="com.passvault.core.domain.model.PasswordStrengthCalculatorTest" time="0.0"/>
  <testcase name="common password is weak" classname="com.passvault.core.domain.model.PasswordStrengthCalculatorTest" time="0.0"/>
  <testcase name="short passwords cannot reach the top band through character variety" classname="com.passvault.core.domain.model.PasswordStrengthCalculatorTest" time="0.0"/>
  <system-out><![CDATA[]]></system-out>
  <system-err><![CDATA[]]></system-err>
</testsuite>
