<?xml version="1.0" encoding="UTF-8"?>
<testsuite name="DesktopClipboardServiceTest[desktop]" tests="7" skipped="0" failures="0" errors="0" timestamp="2026-09-15T18:55:22.651Z" hostname="runnervmvmocb" time="4.822">
  <properties/>
  <testcase name="failed replacement preserves prior sensitive ownership[desktop]" classname="com.passvault.desktop.security.DesktopClipboardServiceTest" time="0.37"/>
  <testcase name="macos sensitive hints use exact pasteboard type mappings[desktop]" classname="com.passvault.desktop.security.DesktopClipboardServiceTest" time="0.013"/>
  <testcase name="cancellation after native write still installs sensitive ownership[desktop]" classname="com.passvault.desktop.security.DesktopClipboardServiceTest" time="0.003"/>
  <testcase name="windows sensitive copy publishes all native retention opt outs only for secrets[desktop]" classname="com.passvault.desktop.security.DesktopClipboardServiceTest" time="0.003"/>
  <testcase name="macos system clipboard receives concealed and transient types[desktop]" classname="com.passvault.desktop.security.DesktopClipboardServiceTest" time="0.001"/>
  <testcase name="production flavor registration preserves exact native names[desktop]" classname="com.passvault.desktop.security.DesktopClipboardServiceTest" time="0.478"/>
  <testcase name="windows system clipboard receives retention formats with zero DWORD values[desktop]" classname="com.passvault.desktop.security.DesktopClipboardServiceTest" time="3.954"/>
  <system-out><![CDATA[]]></system-out>
  <system-err><![CDATA[]]></system-err>
</testsuite>
