<?xml version="1.0" encoding="UTF-8"?>
<testsuite name="ExternalNavigationHostPolicyTest[desktop]" tests="2" skipped="0" failures="0" errors="0" timestamp="2026-09-15T09:29:05.683Z" hostname="runnervmlun5p" time="0.002">
  <properties/>
  <testcase name="dirty or blocked destination keeps the external request pending[desktop]" classname="com.passvault.shared.navigation.ExternalNavigationHostPolicyTest" time="0.001"/>
  <testcase name="pending external navigation applies only from an active unlocked main host[desktop]" classname="com.passvault.shared.navigation.ExternalNavigationHostPolicyTest" time="0.001"/>
  <system-out><![CDATA[]]></system-out>
  <system-err><![CDATA[]]></system-err>
</testsuite>
