<?xml version="1.0" encoding="UTF-8"?>
<testsuite name="DesktopBiometricKeyStoreTest[desktop]" tests="11" skipped="0" failures="0" errors="0" timestamp="2026-09-16T15:24:55.704Z" hostname="runnervmlun5p" time="0.097">
  <properties/>
  <testcase name="vault identifiers cross the bridge only as fixed hashes[desktop]" classname="com.passvault.desktop.security.biometric.DesktopBiometricKeyStoreTest" time="0.009"/>
  <testcase name="successful queued delivery transfers the key without wiping it[desktop]" classname="com.passvault.desktop.security.biometric.DesktopBiometricKeyStoreTest" time="0.003"/>
  <testcase name="cancelling retrieval cancels native prompt waits for cleanup and wipes a late key[desktop]" classname="com.passvault.desktop.security.biometric.DesktopBiometricKeyStoreTest" time="0.003"/>
  <testcase name="completed key is wiped when cancellation wins the queued parent delivery[desktop]" classname="com.passvault.desktop.security.biometric.DesktopBiometricKeyStoreTest" time="0.003"/>
  <testcase name="cancellation before the blocking worker starts prevents a prompt and does not poison retry[desktop]" classname="com.passvault.desktop.security.biometric.DesktopBiometricKeyStoreTest" time="0.003"/>
  <testcase name="late cancellation cannot poison the next prompt[desktop]" classname="com.passvault.desktop.security.biometric.DesktopBiometricKeyStoreTest" time="0.003"/>
  <testcase name="retrieved key is transferred only after a successful bridge call[desktop]" classname="com.passvault.desktop.security.biometric.DesktopBiometricKeyStoreTest" time="0.001"/>
  <testcase name="bridge invalidation maps to the common fail closed error[desktop]" classname="com.passvault.desktop.security.biometric.DesktopBiometricKeyStoreTest" time="0.004"/>
  <testcase name="high volume concurrent operations fail fast without a prompt backlog[desktop]" classname="com.passvault.desktop.security.biometric.DesktopBiometricKeyStoreTest" time="0.06"/>
  <testcase name="post production prompt cleanup failure wipes the undelivered key[desktop]" classname="com.passvault.desktop.security.biometric.DesktopBiometricKeyStoreTest" time="0.004"/>
  <testcase name="unavailable desktop runtime retains platform specific naming[desktop]" classname="com.passvault.desktop.security.biometric.DesktopBiometricKeyStoreTest" time="0.003"/>
  <system-out><![CDATA[]]></system-out>
  <system-err><![CDATA[]]></system-err>
</testsuite>
