<?xml version="1.0" encoding="UTF-8"?>
<testsuite name="RepositoryUtf8ValidationTest[desktop]" tests="2" skipped="0" failures="0" errors="0" timestamp="2026-09-15T16:47:28.818Z" hostname="runnervmlun5p" time="0.0">
  <properties/>
  <testcase name="strict decoder preserves valid UTF-8[desktop]" classname="com.passvault.core.database.repository.RepositoryUtf8ValidationTest" time="0.0"/>
  <testcase name="strict decoder rejects malformed UTF-8[desktop]" classname="com.passvault.core.database.repository.RepositoryUtf8ValidationTest" time="0.0"/>
  <system-out><![CDATA[]]></system-out>
  <system-err><![CDATA[]]></system-err>
</testsuite>
