<?xml version="1.0" encoding="UTF-8"?>
<testsuite name="BiometricVerificationFailureIntegrationTest[desktop]" tests="9" skipped="0" failures="0" errors="0" timestamp="2026-09-15T16:47:13.155Z" hostname="runnervmlun5p" time="2.225">
  <properties/>
  <testcase name="real tampered verification tag still invalidates enrollment[desktop]" classname="com.passvault.core.database.repository.BiometricVerificationFailureIntegrationTest" time="0.24"/>
  <testcase name="thrown provider failure is not a rejected biometric key[desktop]" classname="com.passvault.core.database.repository.BiometricVerificationFailureIntegrationTest" time="0.237"/>
  <testcase name="malformed metadata remains outside the invalidating verifier boundary[desktop]" classname="com.passvault.core.database.repository.BiometricVerificationFailureIntegrationTest" time="0.238"/>
  <testcase name="provider result failure preserves enrollment for a later verified unlock[desktop]" classname="com.passvault.core.database.repository.BiometricVerificationFailureIntegrationTest" time="0.236"/>
  <testcase name="explicit malformed verification plaintext still invalidates and is wiped[desktop]" classname="com.passvault.core.database.repository.BiometricVerificationFailureIntegrationTest" time="0.235"/>
  <testcase name="real wrong key authentication failure still invalidates enrollment[desktop]" classname="com.passvault.core.database.repository.BiometricVerificationFailureIntegrationTest" time="0.238"/>
  <testcase name="verification cancellation propagates without deleting enrollment[desktop]" classname="com.passvault.core.database.repository.BiometricVerificationFailureIntegrationTest" time="0.24"/>
  <testcase name="generic argument failure is not an authentication rejection[desktop]" classname="com.passvault.core.database.repository.BiometricVerificationFailureIntegrationTest" time="0.239"/>
  <testcase name="provider failure keeps password fallback usable without reenrollment[desktop]" classname="com.passvault.core.database.repository.BiometricVerificationFailureIntegrationTest" time="0.321"/>
  <system-out><![CDATA[]]></system-out>
  <system-err><![CDATA[]]></system-err>
</testsuite>
