<?xml version="1.0" encoding="UTF-8"?>
<testsuite name="VaultRepositoryTest[desktop]" tests="22" skipped="0" failures="0" errors="0" timestamp="2026-09-15T16:47:54.845Z" hostname="runnervmlun5p" time="0.082">
  <properties/>
  <testcase name="operation failure returns failure result[desktop]" classname="com.passvault.core.testing.fakes.VaultRepositoryTest" time="0.004"/>
  <testcase name="lock emits locked state[desktop]" classname="com.passvault.core.testing.fakes.VaultRepositoryTest" time="0.028"/>
  <testcase name="create vault sets exists to true[desktop]" classname="com.passvault.core.testing.fakes.VaultRepositoryTest" time="0.009"/>
  <testcase name="exists returns false when no vault[desktop]" classname="com.passvault.core.testing.fakes.VaultRepositoryTest" time="0.002"/>
  <testcase name="unlock with delay allows loading state[desktop]" classname="com.passvault.core.testing.fakes.VaultRepositoryTest" time="0.008"/>
  <testcase name="configured cancellation remains coroutine control flow and is consumed once[desktop]" classname="com.passvault.core.testing.fakes.VaultRepositoryTest" time="0.001"/>
  <testcase name="exists returns true when vault exists[desktop]" classname="com.passvault.core.testing.fakes.VaultRepositoryTest" time="0.001"/>
  <testcase name="session state flow emits current state[desktop]" classname="com.passvault.core.testing.fakes.VaultRepositoryTest" time="0.002"/>
  <testcase name="multiple unlock attempts are handled[desktop]" classname="com.passvault.core.testing.fakes.VaultRepositoryTest" time="0.001"/>
  <testcase name="change password validation precedence matches production while locked[desktop]" classname="com.passvault.core.testing.fakes.VaultRepositoryTest" time="0.003"/>
  <testcase name="unlock with correct password succeeds[desktop]" classname="com.passvault.core.testing.fakes.VaultRepositoryTest" time="0.001"/>
  <testcase name="get metadata fails when no vault[desktop]" classname="com.passvault.core.testing.fakes.VaultRepositoryTest" time="0.001"/>
  <testcase name="failed lock result still revokes the fake session and retains its reason[desktop]" classname="com.passvault.core.testing.fakes.VaultRepositoryTest" time="0.001"/>
  <testcase name="reset clears all state[desktop]" classname="com.passvault.core.testing.fakes.VaultRepositoryTest" time="0.001"/>
  <testcase name="get metadata returns vault info[desktop]" classname="com.passvault.core.testing.fakes.VaultRepositoryTest" time="0.001"/>
  <testcase name="unlock failure returns failure result[desktop]" classname="com.passvault.core.testing.fakes.VaultRepositoryTest" time="0.002"/>
  <testcase name="lock sets session to locked[desktop]" classname="com.passvault.core.testing.fakes.VaultRepositoryTest" time="0.001"/>
  <testcase name="create vault returns vault id[desktop]" classname="com.passvault.core.testing.fakes.VaultRepositoryTest" time="0.002"/>
  <testcase name="session state survives configuration change simulation[desktop]" classname="com.passvault.core.testing.fakes.VaultRepositoryTest" time="0.001"/>
  <testcase name="unlock emits unlocking then unlocked state[desktop]" classname="com.passvault.core.testing.fakes.VaultRepositoryTest" time="0.005"/>
  <testcase name="create vault emits locked state[desktop]" classname="com.passvault.core.testing.fakes.VaultRepositoryTest" time="0.001"/>
  <testcase name="change password succeeds[desktop]" classname="com.passvault.core.testing.fakes.VaultRepositoryTest" time="0.002"/>
  <system-out><![CDATA[]]></system-out>
  <system-err><![CDATA[]]></system-err>
</testsuite>
