<?xml version="1.0" encoding="UTF-8"?>
<testsuite name="com.passvault.feature.vault.ui.components.TagCloudContrastTest" tests="1" skipped="0" failures="0" errors="0" timestamp="2026-09-16T18:02:16.811Z" hostname="runnervmlun5p" time="0.012">
  <properties/>
  <testcase name="selected tag palette keeps readable text for arbitrary colors" classname="com.passvault.feature.vault.ui.components.TagCloudContrastTest" time="0.011"/>
  <system-out><![CDATA[]]></system-out>
  <system-err><![CDATA[]]></system-err>
</testsuite>
