<?xml version="1.0" encoding="UTF-8"?>
<testsuite name="VaultBackupUnicodePaginationTest[desktop]" tests="7" skipped="0" failures="0" errors="0" timestamp="2026-09-15T15:39:53.520Z" hostname="runnervmlun5p" time="9.33">
  <properties/>
  <testcase name="legacy logical backup with Unicode IDs reexports without renaming ciphertext[desktop]" classname="com.passvault.core.database.backup.VaultBackupUnicodePaginationTest" time="0.964"/>
  <testcase name="schema one encrypted records survive current backup restore and a fresh reopen[desktop]" classname="com.passvault.core.database.backup.VaultBackupUnicodePaginationTest" time="0.9"/>
  <testcase name="UTF8 export restores Unicode IDs relationships history and managed content[desktop]" classname="com.passvault.core.database.backup.VaultBackupUnicodePaginationTest" time="0.977"/>
  <testcase name="UTF16BE export preserves its native order and restores into UTF8[desktop]" classname="com.passvault.core.database.backup.VaultBackupUnicodePaginationTest" time="1.021"/>
  <testcase name="empty singleton and ASCII vaults remain exportable[desktop]" classname="com.passvault.core.database.backup.VaultBackupUnicodePaginationTest" time="3.847"/>
  <testcase name="all eight generated Room page queries agree with their actual encoding[desktop]" classname="com.passvault.core.database.backup.VaultBackupUnicodePaginationTest" time="0.64"/>
  <testcase name="UTF16LE export uses low-byte-first BINARY ordering and restores into UTF8[desktop]" classname="com.passvault.core.database.backup.VaultBackupUnicodePaginationTest" time="0.981"/>
  <system-out><![CDATA[]]></system-out>
  <system-err><![CDATA[]]></system-err>
</testsuite>
