<?xml version="1.0" encoding="UTF-8"?>
<testsuite name="AttachmentContainerCodecCompatibilityTest[desktop]" tests="4" skipped="0" failures="0" errors="0" timestamp="2026-09-15T15:39:22.997Z" hostname="runnervmlun5p" time="0.17">
  <properties/>
  <testcase name="empty source contains only authenticated final totals and round trips no plaintext[desktop]" classname="com.passvault.core.database.attachment.AttachmentContainerCodecCompatibilityTest" time="0.063"/>
  <testcase name="fragmented patterned bytes survive multiple chunk spill boundaries in order[desktop]" classname="com.passvault.core.database.attachment.AttachmentContainerCodecCompatibilityTest" time="0.043"/>
  <testcase name="historical v1 short nonfinal data records remain readable byte for byte[desktop]" classname="com.passvault.core.database.attachment.AttachmentContainerCodecCompatibilityTest" time="0.029"/>
  <testcase name="historical short records still reject reordered data altered authentication and truncation[desktop]" classname="com.passvault.core.database.attachment.AttachmentContainerCodecCompatibilityTest" time="0.035"/>
  <system-out><![CDATA[]]></system-out>
  <system-err><![CDATA[SLF4J: No SLF4J providers were found.
SLF4J: Defaulting to no-operation (NOP) logger implementation
SLF4J: See http://www.slf4j.org/codes.html#noProviders for further details.
]]></system-err>
</testsuite>
