<?xml version="1.0" encoding="UTF-8"?>
<testsuite name="BackupV2KdfPolicyTest[desktop]" tests="3" skipped="0" failures="0" errors="0" timestamp="2026-09-15T15:39:33.050Z" hostname="runnervmlun5p" time="0.005">
  <properties/>
  <testcase name="writer profiles are exactly the profiles accepted by the reader[desktop]" classname="com.passvault.core.database.backup.BackupV2KdfPolicyTest" time="0.002"/>
  <testcase name="writer fails closed if benchmark drifts outside the format two profile[desktop]" classname="com.passvault.core.database.backup.BackupV2KdfPolicyTest" time="0.001"/>
  <testcase name="reader rejects profiles never emitted by format two before key derivation[desktop]" classname="com.passvault.core.database.backup.BackupV2KdfPolicyTest" time="0.002"/>
  <system-out><![CDATA[]]></system-out>
  <system-err><![CDATA[]]></system-err>
</testsuite>
