<?xml version="1.0" encoding="UTF-8"?>
<testsuite name="DesktopShutdownCoordinatorTest[desktop]" tests="6" skipped="0" failures="0" errors="0" timestamp="2026-09-16T15:44:42.713Z" hostname="sjc20-cw713-02bb3e02-3018-408e-978d-c46b976e7e34-F23F5AC600AB.local" time="0.431">
  <properties/>
  <testcase name="database is closed even when vault locking reports failure[desktop]" classname="com.passvault.desktop.DesktopShutdownCoordinatorTest" time="0.034"/>
  <testcase name="duplicate close requests cannot duplicate cleanup or exit[desktop]" classname="com.passvault.desktop.DesktopShutdownCoordinatorTest" time="0.008"/>
  <testcase name="preview cleanup failure is reported without suppressing other boundaries[desktop]" classname="com.passvault.desktop.DesktopShutdownCoordinatorTest" time="0.075"/>
  <testcase name="close immediately exits the window and runs every cleanup boundary once[desktop]" classname="com.passvault.desktop.DesktopShutdownCoordinatorTest" time="0.206"/>
  <testcase name="non returning vault lock cannot hold the window open or suppress other cleanup[desktop]" classname="com.passvault.desktop.DesktopShutdownCoordinatorTest" time="0.083"/>
  <testcase name="window preparation runs synchronously on the close caller[desktop]" classname="com.passvault.desktop.DesktopShutdownCoordinatorTest" time="0.021"/>
  <system-out><![CDATA[]]></system-out>
  <system-err><![CDATA[]]></system-err>
</testsuite>
