<?xml version="1.0" encoding="UTF-8"?>
<testsuite name="DesktopBiometricKeyStoreTest[desktop]" tests="11" skipped="0" failures="0" errors="0" timestamp="2026-09-16T15:44:43.677Z" hostname="sjc20-cw713-02bb3e02-3018-408e-978d-c46b976e7e34-F23F5AC600AB.local" time="0.222">
  <properties/>
  <testcase name="vault identifiers cross the bridge only as fixed hashes[desktop]" classname="com.passvault.desktop.security.biometric.DesktopBiometricKeyStoreTest" time="0.021"/>
  <testcase name="successful queued delivery transfers the key without wiping it[desktop]" classname="com.passvault.desktop.security.biometric.DesktopBiometricKeyStoreTest" time="0.016"/>
  <testcase name="cancelling retrieval cancels native prompt waits for cleanup and wipes a late key[desktop]" classname="com.passvault.desktop.security.biometric.DesktopBiometricKeyStoreTest" time="0.013"/>
  <testcase name="completed key is wiped when cancellation wins the queued parent delivery[desktop]" classname="com.passvault.desktop.security.biometric.DesktopBiometricKeyStoreTest" time="0.011"/>
  <testcase name="cancellation before the blocking worker starts prevents a prompt and does not poison retry[desktop]" classname="com.passvault.desktop.security.biometric.DesktopBiometricKeyStoreTest" time="0.014"/>
  <testcase name="late cancellation cannot poison the next prompt[desktop]" classname="com.passvault.desktop.security.biometric.DesktopBiometricKeyStoreTest" time="0.009"/>
  <testcase name="retrieved key is transferred only after a successful bridge call[desktop]" classname="com.passvault.desktop.security.biometric.DesktopBiometricKeyStoreTest" time="0.009"/>
  <testcase name="bridge invalidation maps to the common fail closed error[desktop]" classname="com.passvault.desktop.security.biometric.DesktopBiometricKeyStoreTest" time="0.016"/>
  <testcase name="high volume concurrent operations fail fast without a prompt backlog[desktop]" classname="com.passvault.desktop.security.biometric.DesktopBiometricKeyStoreTest" time="0.092"/>
  <testcase name="post production prompt cleanup failure wipes the undelivered key[desktop]" classname="com.passvault.desktop.security.biometric.DesktopBiometricKeyStoreTest" time="0.007"/>
  <testcase name="unavailable desktop runtime retains platform specific naming[desktop]" classname="com.passvault.desktop.security.biometric.DesktopBiometricKeyStoreTest" time="0.008"/>
  <system-out><![CDATA[]]></system-out>
  <system-err><![CDATA[]]></system-err>
</testsuite>
