<?xml version="1.0" encoding="UTF-8"?>
<testsuite name="com.passvault.feature.settings.presentation.SettingsStateTest" tests="1" skipped="0" failures="0" errors="0" timestamp="2026-09-15T07:57:57.733Z" hostname="runnervmlun5p" time="0.001">
  <properties/>
  <testcase name="selectedThemeAndAccentAreConvertedForPersistence" classname="com.passvault.feature.settings.presentation.SettingsStateTest" time="0.001"/>
  <system-out><![CDATA[]]></system-out>
  <system-err><![CDATA[]]></system-err>
</testsuite>
