<?xml version="1.0" encoding="UTF-8"?>
<testsuite name="JnaDesktopBiometricBridgeTest[desktop]" tests="3" skipped="0" failures="0" errors="0" timestamp="2026-09-15T16:45:34.400Z" hostname="iad20-eo1205-d321abc0-dbb3-4f9b-82df-3219e37b6f9b-1A9934E7E514.local" time="0.118">
  <properties/>
  <testcase name="close cancels an active prompt and waits before destroying native context[desktop]" classname="com.passvault.desktop.security.biometric.JnaDesktopBiometricBridgeTest" time="0.004"/>
  <testcase name="close returns at its deadline and defers destruction when a native prompt ignores cancellation[desktop]" classname="com.passvault.desktop.security.biometric.JnaDesktopBiometricBridgeTest" time="0.113"/>
  <testcase name="pending cancellation is consumed before the next native prompt starts[desktop]" classname="com.passvault.desktop.security.biometric.JnaDesktopBiometricBridgeTest" time="0.001"/>
  <system-out><![CDATA[]]></system-out>
  <system-err><![CDATA[]]></system-err>
</testsuite>
