<?xml version="1.0" encoding="UTF-8"?>
<testsuite name="OnboardingViewModelTest[desktop]" tests="9" skipped="0" failures="0" errors="0" timestamp="2026-09-15T09:13:26.220Z" hostname="runnervmlun5p" time="0.18">
  <properties/>
  <testcase name="predictable policy-length password is rejected before vault creation[desktop]" classname="com.passvault.feature.onboarding.presentation.OnboardingViewModelTest" time="0.131"/>
  <testcase name="supplementary characters count as one password character[desktop]" classname="com.passvault.feature.onboarding.presentation.OnboardingViewModelTest" time="0.002"/>
  <testcase name="valid password advances once and navigation is not replayed[desktop]" classname="com.passvault.feature.onboarding.presentation.OnboardingViewModelTest" time="0.02"/>
  <testcase name="matching strong password creates unlocks and clears inputs[desktop]" classname="com.passvault.feature.onboarding.presentation.OnboardingViewModelTest" time="0.013"/>
  <testcase name="clear for lock cancels setup and removes password state[desktop]" classname="com.passvault.feature.onboarding.presentation.OnboardingViewModelTest" time="0.002"/>
  <testcase name="preexisting vault is never replaced by onboarding[desktop]" classname="com.passvault.feature.onboarding.presentation.OnboardingViewModelTest" time="0.002"/>
  <testcase name="malformed password text is rejected before vault creation[desktop]" classname="com.passvault.feature.onboarding.presentation.OnboardingViewModelTest" time="0.001"/>
  <testcase name="master password and confirmation are bounded[desktop]" classname="com.passvault.feature.onboarding.presentation.OnboardingViewModelTest" time="0.005"/>
  <testcase name="back clears stale password validation feedback[desktop]" classname="com.passvault.feature.onboarding.presentation.OnboardingViewModelTest" time="0.001"/>
  <system-out><![CDATA[]]></system-out>
  <system-err><![CDATA[]]></system-err>
</testsuite>
