<?xml version="1.0" encoding="UTF-8"?>
<testsuite name="VaultBackupUnicodePaginationTest[desktop]" tests="7" skipped="0" failures="0" errors="0" timestamp="2026-09-15T08:31:35.445Z" hostname="runnervmlun5p" time="10.311">
  <properties/>
  <testcase name="legacy logical backup with Unicode IDs reexports without renaming ciphertext[desktop]" classname="com.passvault.core.database.backup.VaultBackupUnicodePaginationTest" time="1.016"/>
  <testcase name="schema one encrypted records survive current backup restore and a fresh reopen[desktop]" classname="com.passvault.core.database.backup.VaultBackupUnicodePaginationTest" time="1.051"/>
  <testcase name="UTF8 export restores Unicode IDs relationships history and managed content[desktop]" classname="com.passvault.core.database.backup.VaultBackupUnicodePaginationTest" time="1.136"/>
  <testcase name="UTF16BE export preserves its native order and restores into UTF8[desktop]" classname="com.passvault.core.database.backup.VaultBackupUnicodePaginationTest" time="1.124"/>
  <testcase name="empty singleton and ASCII vaults remain exportable[desktop]" classname="com.passvault.core.database.backup.VaultBackupUnicodePaginationTest" time="4.131"/>
  <testcase name="all eight generated Room page queries agree with their actual encoding[desktop]" classname="com.passvault.core.database.backup.VaultBackupUnicodePaginationTest" time="0.717"/>
  <testcase name="UTF16LE export uses low-byte-first BINARY ordering and restores into UTF8[desktop]" classname="com.passvault.core.database.backup.VaultBackupUnicodePaginationTest" time="1.135"/>
  <system-out><![CDATA[]]></system-out>
  <system-err><![CDATA[]]></system-err>
</testsuite>
