<?xml version="1.0" encoding="UTF-8"?>
<testsuite name="com.passvault.core.domain.model.UnicodeTest" tests="8" skipped="0" failures="0" errors="0" timestamp="2026-09-15T15:40:29.027Z" hostname="runnervmlun5p" time="0.002">
  <properties/>
  <testcase name="well formed Unicode validation rejects every unpaired surrogate shape" classname="com.passvault.core.domain.model.UnicodeTest" time="0.0"/>
  <testcase name="taking code points rejects a negative bound" classname="com.passvault.core.domain.model.UnicodeTest" time="0.001"/>
  <testcase name="counts basic and non-latin text" classname="com.passvault.core.domain.model.UnicodeTest" time="0.0"/>
  <testcase name="takes complete code points without splitting emoji" classname="com.passvault.core.domain.model.UnicodeTest" time="0.0"/>
  <testcase name="single-line validation accepts ordinary international text" classname="com.passvault.core.domain.model.UnicodeTest" time="0.0"/>
  <testcase name="counts surrogate-pair emoji as one code point" classname="com.passvault.core.domain.model.UnicodeTest" time="0.001"/>
  <testcase name="counts unpaired surrogates defensively" classname="com.passvault.core.domain.model.UnicodeTest" time="0.0"/>
  <testcase name="single-line validation rejects controls malformed UTF-16 and format controls" classname="com.passvault.core.domain.model.UnicodeTest" time="0.0"/>
  <system-out><![CDATA[]]></system-out>
  <system-err><![CDATA[]]></system-err>
</testsuite>
