<?xml version="1.0" encoding="UTF-8"?>
<testsuite name="com.passvault.core.domain.model.CredentialSensitiveValuesTest" tests="1" skipped="0" failures="0" errors="0" timestamp="2026-09-15T15:40:28.862Z" hostname="runnervmlun5p" time="0.038">
  <properties/>
  <testcase name="clear sensitive values wipes every credential-owned secret and is idempotent" classname="com.passvault.core.domain.model.CredentialSensitiveValuesTest" time="0.033"/>
  <system-out><![CDATA[]]></system-out>
  <system-err><![CDATA[]]></system-err>
</testsuite>
