<?xml version="1.0" encoding="UTF-8"?>
<testsuite name="com.passvault.shared.SessionCleanupPolicyTest" tests="20" skipped="0" failures="0" errors="0" timestamp="2026-09-16T18:00:32.313Z" hostname="runnervmlun5p" time="0.014">
  <properties/>
  <testcase name="session transition tracker does not retain session identifier" classname="com.passvault.shared.SessionCleanupPolicyTest" time="0.002"/>
  <testcase name="vault existence chooses the matching authentication route" classname="com.passvault.shared.SessionCleanupPolicyTest" time="0.002"/>
  <testcase name="conflated background lock cancels an import instead of impersonating restore" classname="com.passvault.shared.SessionCleanupPolicyTest" time="0.0"/>
  <testcase name="lock transition cancellation cannot interrupt clipboard cleanup" classname="com.passvault.shared.SessionCleanupPolicyTest" time="0.004"/>
  <testcase name="failed unlock transition keeps its feedback" classname="com.passvault.shared.SessionCleanupPolicyTest" time="0.0"/>
  <testcase name="restore reason without an owned import performs ordinary lock cleanup" classname="com.passvault.shared.SessionCleanupPolicyTest" time="0.0"/>
  <testcase name="command route guard reevaluates the latest session after unlock" classname="com.passvault.shared.SessionCleanupPolicyTest" time="0.001"/>
  <testcase name="iOS background lock preserves its bounded sensitive clipboard" classname="com.passvault.shared.SessionCleanupPolicyTest" time="0.0"/>
  <testcase name="failed unlock keeps unlock feedback visible" classname="com.passvault.shared.SessionCleanupPolicyTest" time="0.0"/>
  <testcase name="completed lock scrubs singleton state after UI recreation missed Locking" classname="com.passvault.shared.SessionCleanupPolicyTest" time="0.0"/>
  <testcase name="initial locked transition does not impersonate a lock" classname="com.passvault.shared.SessionCleanupPolicyTest" time="0.0"/>
  <testcase name="superseding non-background lock cannot inherit background clipboard preservation" classname="com.passvault.shared.SessionCleanupPolicyTest" time="0.004"/>
  <testcase name="vault existence failure is not treated as a missing vault" classname="com.passvault.shared.SessionCleanupPolicyTest" time="0.0"/>
  <testcase name="UI security acknowledgement requires a new request and guarded locked route" classname="com.passvault.shared.SessionCleanupPolicyTest" time="0.0"/>
  <testcase name="iOS non-background locks still clear sensitive clipboard" classname="com.passvault.shared.SessionCleanupPolicyTest" time="0.001"/>
  <testcase name="actual lock clears unlock input" classname="com.passvault.shared.SessionCleanupPolicyTest" time="0.0"/>
  <testcase name="conflated ordinary lock still scrubs singleton feature state" classname="com.passvault.shared.SessionCleanupPolicyTest" time="0.0"/>
  <testcase name="conflated restore lock preserves only its active restore coordinator" classname="com.passvault.shared.SessionCleanupPolicyTest" time="0.0"/>
  <testcase name="locked observer remains fail closed" classname="com.passvault.shared.SessionCleanupPolicyTest" time="0.0"/>
  <testcase name="restore lock preserves the restore coordinator while scrubbing other state" classname="com.passvault.shared.SessionCleanupPolicyTest" time="0.0"/>
  <system-out><![CDATA[]]></system-out>
  <system-err><![CDATA[]]></system-err>
</testsuite>
