<?xml version="1.0" encoding="UTF-8"?>
<testsuite name="VaultUiSecurityCoordinatorTest[desktop]" tests="8" skipped="0" failures="0" errors="0" timestamp="2026-09-15T15:34:33.462Z" hostname="runnervmlun5p" time="0.127">
  <properties/>
  <testcase name="closed entry registration is excluded without disturbing live owners[desktop]" classname="com.passvault.core.security.VaultUiSecurityCoordinatorTest" time="0.02"/>
  <testcase name="zero and future acknowledgements are rejected[desktop]" classname="com.passvault.core.security.VaultUiSecurityCoordinatorTest" time="0.017"/>
  <testcase name="same entry owner cannot be registered twice[desktop]" classname="com.passvault.core.security.VaultUiSecurityCoordinatorTest" time="0.0"/>
  <testcase name="lock clears every registered entry owner synchronously on each transition[desktop]" classname="com.passvault.core.security.VaultUiSecurityCoordinatorTest" time="0.0"/>
  <testcase name="stale acknowledgement cannot satisfy a newer security request[desktop]" classname="com.passvault.core.security.VaultUiSecurityCoordinatorTest" time="0.08"/>
  <testcase name="requests are monotonic and acknowledgements may coalesce[desktop]" classname="com.passvault.core.security.VaultUiSecurityCoordinatorTest" time="0.0"/>
  <testcase name="zero and future await requests are rejected[desktop]" classname="com.passvault.core.security.VaultUiSecurityCoordinatorTest" time="0.002"/>
  <testcase name="cancelled waiter cannot acknowledge or satisfy a later request[desktop]" classname="com.passvault.core.security.VaultUiSecurityCoordinatorTest" time="0.004"/>
  <system-out><![CDATA[]]></system-out>
  <system-err><![CDATA[]]></system-err>
</testsuite>
