<?xml version="1.0" encoding="UTF-8"?>
<testsuite name="com.passvault.feature.unlock.presentation.UnlockViewModelTest" tests="18" skipped="0" failures="0" errors="0" timestamp="2026-09-15T18:43:32.708Z" hostname="runnervmlun5p" time="0.259">
  <properties/>
  <testcase name="available enrolled biometrics are exposed for the unlock action" classname="com.passvault.feature.unlock.presentation.UnlockViewModelTest" time="0.111"/>
  <testcase name="cancelling an active unlock clears the owned password" classname="com.passvault.feature.unlock.presentation.UnlockViewModelTest" time="0.01"/>
  <testcase name="overlong password input keeps a sentinel and disables unlock" classname="com.passvault.feature.unlock.presentation.UnlockViewModelTest" time="0.033"/>
  <testcase name="successful unlock clears password and navigates once" classname="com.passvault.feature.unlock.presentation.UnlockViewModelTest" time="0.026"/>
  <testcase name="rapid repeated submit starts only one unlock operation" classname="com.passvault.feature.unlock.presentation.UnlockViewModelTest" time="0.003"/>
  <testcase name="recovery information is state driven and dismissible" classname="com.passvault.feature.unlock.presentation.UnlockViewModelTest" time="0.003"/>
  <testcase name="cold start confirms an ambiguous disabled biometric status after screen presentation" classname="com.passvault.feature.unlock.presentation.UnlockViewModelTest" time="0.004"/>
  <testcase name="missing vault navigates to onboarding" classname="com.passvault.feature.unlock.presentation.UnlockViewModelTest" time="0.004"/>
  <testcase name="failed unlock clears password and exposes a stable password error" classname="com.passvault.feature.unlock.presentation.UnlockViewModelTest" time="0.003"/>
  <testcase name="biometric cancellation returns to idle without an error" classname="com.passvault.feature.unlock.presentation.UnlockViewModelTest" time="0.004"/>
  <testcase name="five failures start a bounded cooldown and disable submit" classname="com.passvault.feature.unlock.presentation.UnlockViewModelTest" time="0.009"/>
  <testcase name="existing vault remains on unlock screen" classname="com.passvault.feature.unlock.presentation.UnlockViewModelTest" time="0.003"/>
  <testcase name="malformed password input is rejected before repository access" classname="com.passvault.feature.unlock.presentation.UnlockViewModelTest" time="0.002"/>
  <testcase name="clear for lock removes authentication material and transient state" classname="com.passvault.feature.unlock.presentation.UnlockViewModelTest" time="0.002"/>
  <testcase name="invalidated biometric credential is disabled and requires password" classname="com.passvault.feature.unlock.presentation.UnlockViewModelTest" time="0.027"/>
  <testcase name="empty password is rejected before repository access" classname="com.passvault.feature.unlock.presentation.UnlockViewModelTest" time="0.003"/>
  <testcase name="repeated unlocked state for one session does not duplicate navigation" classname="com.passvault.feature.unlock.presentation.UnlockViewModelTest" time="0.004"/>
  <testcase name="cancelling before a scheduled unlock runs releases the submit guard" classname="com.passvault.feature.unlock.presentation.UnlockViewModelTest" time="0.004"/>
  <system-out><![CDATA[]]></system-out>
  <system-err><![CDATA[]]></system-err>
</testsuite>
