<?xml version="1.0" encoding="UTF-8"?>
<testsuite name="EntrySensitiveStateRegistrationTest[desktop]" tests="2" skipped="0" failures="0" errors="0" timestamp="2026-09-16T01:21:42.500Z" hostname="runnervmlun5p" time="0.098">
  <properties/>
  <testcase name="view model store teardown unregisters entry lock cleanup[desktop]" classname="com.passvault.shared.di.EntrySensitiveStateRegistrationTest" time="0.024"/>
  <testcase name="two factor factory registers synchronous seed cleanup[desktop]" classname="com.passvault.shared.di.EntrySensitiveStateRegistrationTest" time="0.074"/>
  <system-out><![CDATA[]]></system-out>
  <system-err><![CDATA[]]></system-err>
</testsuite>
